mode: atomic
github.com/TerraDharitri/drt-go-chain-vm-common/address.go:28.50,29.61 1 0
github.com/TerraDharitri/drt-go-chain-vm-common/address.go:29.61,31.3 1 0
github.com/TerraDharitri/drt-go-chain-vm-common/address.go:32.2,32.137 1 0
github.com/TerraDharitri/drt-go-chain-vm-common/address.go:36.53,37.54 1 7
github.com/TerraDharitri/drt-go-chain-vm-common/address.go:37.54,39.3 1 1
github.com/TerraDharitri/drt-go-chain-vm-common/address.go:41.2,41.32 1 6
github.com/TerraDharitri/drt-go-chain-vm-common/address.go:41.32,43.3 1 1
github.com/TerraDharitri/drt-go-chain-vm-common/address.go:45.2,47.20 3 5
github.com/TerraDharitri/drt-go-chain-vm-common/address.go:51.42,54.2 2 6
github.com/TerraDharitri/drt-go-chain-vm-common/address.go:57.52,58.26 1 7
github.com/TerraDharitri/drt-go-chain-vm-common/address.go:58.26,60.3 1 1
github.com/TerraDharitri/drt-go-chain-vm-common/address.go:62.2,62.39 1 6
github.com/TerraDharitri/drt-go-chain-vm-common/address.go:62.39,63.48 1 6
github.com/TerraDharitri/drt-go-chain-vm-common/address.go:63.48,65.4 1 2
github.com/TerraDharitri/drt-go-chain-vm-common/address.go:68.2,68.13 1 4
github.com/TerraDharitri/drt-go-chain-vm-common/address.go:72.76,73.88 1 5
github.com/TerraDharitri/drt-go-chain-vm-common/address.go:73.88,75.3 1 1
github.com/TerraDharitri/drt-go-chain-vm-common/address.go:77.2,77.40 1 4
github.com/TerraDharitri/drt-go-chain-vm-common/address.go:77.40,79.3 1 1
github.com/TerraDharitri/drt-go-chain-vm-common/address.go:81.2,81.41 1 3
github.com/TerraDharitri/drt-go-chain-vm-common/address.go:81.41,83.3 1 1
github.com/TerraDharitri/drt-go-chain-vm-common/address.go:85.2,88.31 3 2
github.com/TerraDharitri/drt-go-chain-vm-common/address.go:92.47,94.26 2 0
github.com/TerraDharitri/drt-go-chain-vm-common/address.go:94.26,96.3 1 0
github.com/TerraDharitri/drt-go-chain-vm-common/address.go:98.2,99.66 2 0
github.com/TerraDharitri/drt-go-chain-vm-common/address.go:104.77,105.58 1 2
github.com/TerraDharitri/drt-go-chain-vm-common/address.go:105.58,107.3 1 1
github.com/TerraDharitri/drt-go-chain-vm-common/address.go:109.2,111.50 3 1
github.com/TerraDharitri/drt-go-chain-vm-common/codeMetadata.go:33.55,34.40 1 17
github.com/TerraDharitri/drt-go-chain-vm-common/codeMetadata.go:34.40,36.3 1 1
github.com/TerraDharitri/drt-go-chain-vm-common/codeMetadata.go:38.2,44.3 1 16
github.com/TerraDharitri/drt-go-chain-vm-common/codeMetadata.go:48.48,51.26 2 7
github.com/TerraDharitri/drt-go-chain-vm-common/codeMetadata.go:51.26,53.3 1 1
github.com/TerraDharitri/drt-go-chain-vm-common/codeMetadata.go:54.2,54.23 1 7
github.com/TerraDharitri/drt-go-chain-vm-common/codeMetadata.go:54.23,56.3 1 1
github.com/TerraDharitri/drt-go-chain-vm-common/codeMetadata.go:57.2,57.22 1 7
github.com/TerraDharitri/drt-go-chain-vm-common/codeMetadata.go:57.22,59.3 1 1
github.com/TerraDharitri/drt-go-chain-vm-common/codeMetadata.go:60.2,60.22 1 7
github.com/TerraDharitri/drt-go-chain-vm-common/codeMetadata.go:60.22,62.3 1 1
github.com/TerraDharitri/drt-go-chain-vm-common/codeMetadata.go:63.2,63.26 1 7
github.com/TerraDharitri/drt-go-chain-vm-common/codeMetadata.go:63.26,65.3 1 1
github.com/TerraDharitri/drt-go-chain-vm-common/codeMetadata.go:67.2,67.14 1 7
github.com/TerraDharitri/drt-go-chain-vm-common/common.go:40.41,42.74 2 19
github.com/TerraDharitri/drt-go-chain-vm-common/common.go:42.74,44.3 1 4
github.com/TerraDharitri/drt-go-chain-vm-common/common.go:46.2,48.46 2 15
github.com/TerraDharitri/drt-go-chain-vm-common/common.go:48.46,50.3 1 5
github.com/TerraDharitri/drt-go-chain-vm-common/common.go:53.2,53.33 1 10
github.com/TerraDharitri/drt-go-chain-vm-common/common.go:53.33,55.3 1 2
github.com/TerraDharitri/drt-go-chain-vm-common/common.go:57.2,57.57 1 8
github.com/TerraDharitri/drt-go-chain-vm-common/common.go:57.57,59.3 1 3
github.com/TerraDharitri/drt-go-chain-vm-common/common.go:61.2,61.13 1 5
github.com/TerraDharitri/drt-go-chain-vm-common/common.go:65.44,66.76 1 15
github.com/TerraDharitri/drt-go-chain-vm-common/common.go:66.76,68.3 1 0
github.com/TerraDharitri/drt-go-chain-vm-common/common.go:69.2,69.32 1 15
github.com/TerraDharitri/drt-go-chain-vm-common/common.go:69.32,73.18 4 103
github.com/TerraDharitri/drt-go-chain-vm-common/common.go:73.18,75.4 1 5
github.com/TerraDharitri/drt-go-chain-vm-common/common.go:78.2,78.13 1 10
github.com/TerraDharitri/drt-go-chain-vm-common/common.go:82.45,83.47 1 8
github.com/TerraDharitri/drt-go-chain-vm-common/common.go:83.47,85.3 1 0
github.com/TerraDharitri/drt-go-chain-vm-common/common.go:86.2,86.27 1 8
github.com/TerraDharitri/drt-go-chain-vm-common/common.go:86.27,90.18 4 45
github.com/TerraDharitri/drt-go-chain-vm-common/common.go:90.18,92.4 1 3
github.com/TerraDharitri/drt-go-chain-vm-common/common.go:95.2,95.13 1 5
github.com/TerraDharitri/drt-go-chain-vm-common/common.go:99.46,100.18 1 2
github.com/TerraDharitri/drt-go-chain-vm-common/common.go:100.18,102.3 1 1
github.com/TerraDharitri/drt-go-chain-vm-common/common.go:104.2,104.14 1 1
github.com/TerraDharitri/drt-go-chain-vm-common/gasCost.go:49.49,50.11 1 0
github.com/TerraDharitri/drt-go-chain-vm-common/gasCost.go:50.11,52.3 1 0
github.com/TerraDharitri/drt-go-chain-vm-common/gasCost.go:53.2,53.19 1 0
github.com/TerraDharitri/drt-go-chain-vm-common/output.go:169.93,170.35 1 6
github.com/TerraDharitri/drt-go-chain-vm-common/output.go:170.35,172.3 1 1
github.com/TerraDharitri/drt-go-chain-vm-common/output.go:174.2,176.16 2 5
github.com/TerraDharitri/drt-go-chain-vm-common/output.go:177.19,178.49 1 1
github.com/TerraDharitri/drt-go-chain-vm-common/output.go:179.25,180.58 1 1
github.com/TerraDharitri/drt-go-chain-vm-common/output.go:181.19,182.33 1 1
github.com/TerraDharitri/drt-go-chain-vm-common/output.go:183.16,184.45 1 1
github.com/TerraDharitri/drt-go-chain-vm-common/output.go:187.2,187.55 1 1
github.com/TerraDharitri/drt-go-chain-vm-common/output.go:191.72,193.50 2 0
github.com/TerraDharitri/drt-go-chain-vm-common/output.go:193.50,194.52 1 0
github.com/TerraDharitri/drt-go-chain-vm-common/output.go:194.52,195.41 1 0
github.com/TerraDharitri/drt-go-chain-vm-common/output.go:195.41,197.5 1 0
github.com/TerraDharitri/drt-go-chain-vm-common/output.go:201.2,201.29 1 0
github.com/TerraDharitri/drt-go-chain-vm-common/output.go:205.101,207.36 1 0
github.com/TerraDharitri/drt-go-chain-vm-common/output.go:207.36,209.3 1 0
github.com/TerraDharitri/drt-go-chain-vm-common/output.go:211.2,213.50 3 0
github.com/TerraDharitri/drt-go-chain-vm-common/output.go:213.50,214.62 1 0
github.com/TerraDharitri/drt-go-chain-vm-common/output.go:214.62,215.27 1 0
github.com/TerraDharitri/drt-go-chain-vm-common/output.go:215.27,217.5 1 0
github.com/TerraDharitri/drt-go-chain-vm-common/output.go:218.4,219.20 2 0
github.com/TerraDharitri/drt-go-chain-vm-common/output.go:222.2,222.15 1 0
github.com/TerraDharitri/drt-go-chain-vm-common/output.go:222.15,224.3 1 0
github.com/TerraDharitri/drt-go-chain-vm-common/output.go:226.2,226.12 1 0
github.com/TerraDharitri/drt-go-chain-vm-common/output.go:230.68,231.30 1 1
github.com/TerraDharitri/drt-go-chain-vm-common/output.go:231.30,233.3 1 1
github.com/TerraDharitri/drt-go-chain-vm-common/output.go:235.2,237.27 2 1
github.com/TerraDharitri/drt-go-chain-vm-common/output.go:237.27,239.3 1 1
github.com/TerraDharitri/drt-go-chain-vm-common/output.go:240.2,240.27 1 1
github.com/TerraDharitri/drt-go-chain-vm-common/output.go:240.27,242.3 1 0
github.com/TerraDharitri/drt-go-chain-vm-common/output.go:243.2,243.32 1 1
github.com/TerraDharitri/drt-go-chain-vm-common/output.go:243.32,245.3 1 1
github.com/TerraDharitri/drt-go-chain-vm-common/output.go:246.2,246.26 1 1
github.com/TerraDharitri/drt-go-chain-vm-common/output.go:246.26,248.3 1 1
github.com/TerraDharitri/drt-go-chain-vm-common/output.go:249.2,249.34 1 1
github.com/TerraDharitri/drt-go-chain-vm-common/output.go:249.34,251.3 1 0
github.com/TerraDharitri/drt-go-chain-vm-common/output.go:252.2,252.28 1 1
github.com/TerraDharitri/drt-go-chain-vm-common/output.go:252.28,254.3 1 1
github.com/TerraDharitri/drt-go-chain-vm-common/output.go:256.2,258.48 3 1
github.com/TerraDharitri/drt-go-chain-vm-common/output.go:258.48,260.3 1 1
github.com/TerraDharitri/drt-go-chain-vm-common/output.go:262.2,264.39 2 1
github.com/TerraDharitri/drt-go-chain-vm-common/output.go:264.39,266.3 1 0
github.com/TerraDharitri/drt-go-chain-vm-common/output.go:270.68,271.29 1 1
github.com/TerraDharitri/drt-go-chain-vm-common/output.go:271.29,273.3 1 1
github.com/TerraDharitri/drt-go-chain-vm-common/output.go:274.2,274.49 1 1
github.com/TerraDharitri/drt-go-chain-vm-common/output.go:274.49,276.3 1 1
github.com/TerraDharitri/drt-go-chain-vm-common/output.go:280.53,281.29 1 0
github.com/TerraDharitri/drt-go-chain-vm-common/output.go:281.29,283.3 1 0
github.com/TerraDharitri/drt-go-chain-vm-common/output.go:284.2,284.25 1 0
github.com/TerraDharitri/drt-go-chain-vm-common/output.go:288.97,294.2 5 0
github.com/TerraDharitri/drt-go-chain-vm-common/returnCodes.go:8.38,9.12 1 0
github.com/TerraDharitri/drt-go-chain-vm-common/returnCodes.go:10.10,11.14 1 0
github.com/TerraDharitri/drt-go-chain-vm-common/returnCodes.go:12.24,13.30 1 0
github.com/TerraDharitri/drt-go-chain-vm-common/returnCodes.go:14.30,15.40 1 0
github.com/TerraDharitri/drt-go-chain-vm-common/returnCodes.go:16.24,17.30 1 0
github.com/TerraDharitri/drt-go-chain-vm-common/returnCodes.go:18.17,19.22 1 0
github.com/TerraDharitri/drt-go-chain-vm-common/returnCodes.go:20.16,21.22 1 0
github.com/TerraDharitri/drt-go-chain-vm-common/returnCodes.go:22.24,23.29 1 0
github.com/TerraDharitri/drt-go-chain-vm-common/returnCodes.go:24.18,25.24 1 0
github.com/TerraDharitri/drt-go-chain-vm-common/returnCodes.go:26.25,27.31 1 0
github.com/TerraDharitri/drt-go-chain-vm-common/returnCodes.go:28.23,29.28 1 0
github.com/TerraDharitri/drt-go-chain-vm-common/returnCodes.go:30.23,31.28 1 0
github.com/TerraDharitri/drt-go-chain-vm-common/returnCodes.go:32.10,33.52 1 0
github.com/TerraDharitri/drt-go-chain-vm-common/dataTrieMigrator/dataTrieMigrator.go:27.74,34.2 1 7
github.com/TerraDharitri/drt-go-chain-vm-common/dataTrieMigrator/dataTrieMigrator.go:38.59,39.41 1 3
github.com/TerraDharitri/drt-go-chain-vm-common/dataTrieMigrator/dataTrieMigrator.go:39.41,41.3 1 1
github.com/TerraDharitri/drt-go-chain-vm-common/dataTrieMigrator/dataTrieMigrator.go:43.2,45.44 2 2
github.com/TerraDharitri/drt-go-chain-vm-common/dataTrieMigrator/dataTrieMigrator.go:50.129,51.44 1 5
github.com/TerraDharitri/drt-go-chain-vm-common/dataTrieMigrator/dataTrieMigrator.go:51.44,53.3 1 1
github.com/TerraDharitri/drt-go-chain-vm-common/dataTrieMigrator/dataTrieMigrator.go:55.2,55.47 1 4
github.com/TerraDharitri/drt-go-chain-vm-common/dataTrieMigrator/dataTrieMigrator.go:55.47,57.3 1 3
github.com/TerraDharitri/drt-go-chain-vm-common/dataTrieMigrator/dataTrieMigrator.go:59.2,59.52 1 4
github.com/TerraDharitri/drt-go-chain-vm-common/dataTrieMigrator/dataTrieMigrator.go:62.91,63.43 1 3
github.com/TerraDharitri/drt-go-chain-vm-common/dataTrieMigrator/dataTrieMigrator.go:63.43,65.3 1 1
github.com/TerraDharitri/drt-go-chain-vm-common/dataTrieMigrator/dataTrieMigrator.go:67.2,69.67 2 2
github.com/TerraDharitri/drt-go-chain-vm-common/dataTrieMigrator/dataTrieMigrator.go:73.70,75.2 1 1
github.com/TerraDharitri/drt-go-chain-vm-common/dataTrieMigrator/dataTrieMigrator.go:78.55,80.2 1 2
github.com/TerraDharitri/drt-go-chain-vm-common/dataTrieMigrator/dataTrieMigrator.go:83.52,85.2 1 1
github.com/TerraDharitri/drt-go-chain-vm-common/parsers/dataField/dtos.go:17.57,21.2 1 1
github.com/TerraDharitri/drt-go-chain-vm-common/parsers/dataField/parseMultiDCDTNFTTransfer.go:8.160,10.9 2 6
github.com/TerraDharitri/drt-go-chain-vm-common/parsers/dataField/parseMultiDCDTNFTTransfer.go:10.9,12.3 1 2
github.com/TerraDharitri/drt-go-chain-vm-common/parsers/dataField/parseMultiDCDTNFTTransfer.go:13.2,13.113 1 4
github.com/TerraDharitri/drt-go-chain-vm-common/parsers/dataField/parseMultiDCDTNFTTransfer.go:13.113,15.3 1 3
github.com/TerraDharitri/drt-go-chain-vm-common/parsers/dataField/parseMultiDCDTNFTTransfer.go:17.2,18.69 2 4
github.com/TerraDharitri/drt-go-chain-vm-common/parsers/dataField/parseMultiDCDTNFTTransfer.go:18.69,19.61 1 6
github.com/TerraDharitri/drt-go-chain-vm-common/parsers/dataField/parseMultiDCDTNFTTransfer.go:19.61,23.4 1 0
github.com/TerraDharitri/drt-go-chain-vm-common/parsers/dataField/parseMultiDCDTNFTTransfer.go:25.3,26.43 2 6
github.com/TerraDharitri/drt-go-chain-vm-common/parsers/dataField/parseMultiDCDTNFTTransfer.go:26.43,28.4 1 3
github.com/TerraDharitri/drt-go-chain-vm-common/parsers/dataField/parseMultiDCDTNFTTransfer.go:30.3,33.91 4 6
github.com/TerraDharitri/drt-go-chain-vm-common/parsers/dataField/parseMultiDCDTNFTTransfer.go:36.2,36.22 1 4
github.com/TerraDharitri/drt-go-chain-vm-common/parsers/dataField/parseSingleDCDTTransfer.go:8.138,10.9 2 5
github.com/TerraDharitri/drt-go-chain-vm-common/parsers/dataField/parseSingleDCDTTransfer.go:10.9,12.3 1 1
github.com/TerraDharitri/drt-go-chain-vm-common/parsers/dataField/parseSingleDCDTTransfer.go:14.2,14.94 1 4
github.com/TerraDharitri/drt-go-chain-vm-common/parsers/dataField/parseSingleDCDTTransfer.go:14.94,16.3 1 3
github.com/TerraDharitri/drt-go-chain-vm-common/parsers/dataField/parseSingleDCDTTransfer.go:18.2,18.127 1 4
github.com/TerraDharitri/drt-go-chain-vm-common/parsers/dataField/parseSingleDCDTTransfer.go:18.127,20.3 1 1
github.com/TerraDharitri/drt-go-chain-vm-common/parsers/dataField/parseSingleDCDTTransfer.go:22.2,26.22 4 3
github.com/TerraDharitri/drt-go-chain-vm-common/parsers/dataField/parseSingleDCDTTransfer.go:29.169,35.16 3 17
github.com/TerraDharitri/drt-go-chain-vm-common/parsers/dataField/parseSingleDCDTTransfer.go:35.16,37.3 1 4
github.com/TerraDharitri/drt-go-chain-vm-common/parsers/dataField/parseSingleDCDTTransfer.go:39.2,39.49 1 13
github.com/TerraDharitri/drt-go-chain-vm-common/parsers/dataField/parseSingleNFTTransfer.go:10.161,12.9 2 6
github.com/TerraDharitri/drt-go-chain-vm-common/parsers/dataField/parseSingleNFTTransfer.go:12.9,14.3 1 1
github.com/TerraDharitri/drt-go-chain-vm-common/parsers/dataField/parseSingleNFTTransfer.go:16.2,16.113 1 5
github.com/TerraDharitri/drt-go-chain-vm-common/parsers/dataField/parseSingleNFTTransfer.go:16.113,18.3 1 2
github.com/TerraDharitri/drt-go-chain-vm-common/parsers/dataField/parseSingleNFTTransfer.go:20.2,20.127 1 5
github.com/TerraDharitri/drt-go-chain-vm-common/parsers/dataField/parseSingleNFTTransfer.go:20.127,22.3 1 0
github.com/TerraDharitri/drt-go-chain-vm-common/parsers/dataField/parseSingleNFTTransfer.go:24.2,25.35 2 5
github.com/TerraDharitri/drt-go-chain-vm-common/parsers/dataField/parseSingleNFTTransfer.go:25.35,27.3 1 3
github.com/TerraDharitri/drt-go-chain-vm-common/parsers/dataField/parseSingleNFTTransfer.go:29.2,36.33 6 5
github.com/TerraDharitri/drt-go-chain-vm-common/parsers/dataField/parseSingleNFTTransfer.go:36.33,38.3 1 1
github.com/TerraDharitri/drt-go-chain-vm-common/parsers/dataField/parseSingleNFTTransfer.go:40.2,43.22 3 4
github.com/TerraDharitri/drt-go-chain-vm-common/parsers/dataField/parser.go:44.105,45.35 1 11
github.com/TerraDharitri/drt-go-chain-vm-common/parsers/dataField/parser.go:45.35,47.3 1 1
github.com/TerraDharitri/drt-go-chain-vm-common/parsers/dataField/parser.go:48.2,48.29 1 10
github.com/TerraDharitri/drt-go-chain-vm-common/parsers/dataField/parser.go:48.29,50.3 1 0
github.com/TerraDharitri/drt-go-chain-vm-common/parsers/dataField/parser.go:52.2,54.16 3 10
github.com/TerraDharitri/drt-go-chain-vm-common/parsers/dataField/parser.go:54.16,56.3 1 0
github.com/TerraDharitri/drt-go-chain-vm-common/parsers/dataField/parser.go:58.2,63.8 1 10
github.com/TerraDharitri/drt-go-chain-vm-common/parsers/dataField/parser.go:67.126,69.2 1 41
github.com/TerraDharitri/drt-go-chain-vm-common/parsers/dataField/parser.go:71.146,77.16 3 45
github.com/TerraDharitri/drt-go-chain-vm-common/parsers/dataField/parser.go:77.16,80.3 2 1
github.com/TerraDharitri/drt-go-chain-vm-common/parsers/dataField/parser.go:82.2,83.16 2 44
github.com/TerraDharitri/drt-go-chain-vm-common/parsers/dataField/parser.go:83.16,85.3 1 3
github.com/TerraDharitri/drt-go-chain-vm-common/parsers/dataField/parser.go:87.2,87.18 1 41
github.com/TerraDharitri/drt-go-chain-vm-common/parsers/dataField/parser.go:88.40,89.71 1 5
github.com/TerraDharitri/drt-go-chain-vm-common/parsers/dataField/parser.go:90.43,91.87 1 6
github.com/TerraDharitri/drt-go-chain-vm-common/parsers/dataField/parser.go:92.48,93.86 1 6
github.com/TerraDharitri/drt-go-chain-vm-common/parsers/dataField/parser.go:94.76,95.52 1 3
github.com/TerraDharitri/drt-go-chain-vm-common/parsers/dataField/parser.go:96.102,97.52 1 4
github.com/TerraDharitri/drt-go-chain-vm-common/parsers/dataField/parser.go:98.114,99.51 1 4
github.com/TerraDharitri/drt-go-chain-vm-common/parsers/dataField/parser.go:100.58,101.20 1 7
github.com/TerraDharitri/drt-go-chain-vm-common/parsers/dataField/parser.go:101.20,103.4 1 1
github.com/TerraDharitri/drt-go-chain-vm-common/parsers/dataField/parser.go:104.3,104.65 1 6
github.com/TerraDharitri/drt-go-chain-vm-common/parsers/dataField/parser.go:107.2,108.19 2 6
github.com/TerraDharitri/drt-go-chain-vm-common/parsers/dataField/parser.go:108.19,110.3 1 4
github.com/TerraDharitri/drt-go-chain-vm-common/parsers/dataField/parser.go:112.2,112.88 1 6
github.com/TerraDharitri/drt-go-chain-vm-common/parsers/dataField/parser.go:112.88,114.3 1 2
github.com/TerraDharitri/drt-go-chain-vm-common/parsers/dataField/parser.go:116.2,116.22 1 6
github.com/TerraDharitri/drt-go-chain-vm-common/parsers/dataField/parser.go:119.139,120.20 1 6
github.com/TerraDharitri/drt-go-chain-vm-common/parsers/dataField/parser.go:120.20,124.3 1 1
github.com/TerraDharitri/drt-go-chain-vm-common/parsers/dataField/parser.go:126.2,127.9 2 5
github.com/TerraDharitri/drt-go-chain-vm-common/parsers/dataField/parser.go:127.9,131.3 1 1
github.com/TerraDharitri/drt-go-chain-vm-common/parsers/dataField/parser.go:133.2,134.19 2 4
github.com/TerraDharitri/drt-go-chain-vm-common/parsers/dataField/parser.go:134.19,138.3 1 1
github.com/TerraDharitri/drt-go-chain-vm-common/parsers/dataField/parser.go:140.2,142.119 3 3
github.com/TerraDharitri/drt-go-chain-vm-common/parsers/dataField/parser.go:142.119,145.3 2 1
github.com/TerraDharitri/drt-go-chain-vm-common/parsers/dataField/parser.go:147.2,155.3 1 3
github.com/TerraDharitri/drt-go-chain-vm-common/parsers/dataField/parser.go:158.103,161.41 2 5
github.com/TerraDharitri/drt-go-chain-vm-common/parsers/dataField/parser.go:161.41,165.3 2 1
github.com/TerraDharitri/drt-go-chain-vm-common/parsers/dataField/parser.go:167.2,167.35 1 4
github.com/TerraDharitri/drt-go-chain-vm-common/parsers/dataField/parser.go:167.35,169.3 1 1
github.com/TerraDharitri/drt-go-chain-vm-common/parsers/dataField/parser.go:172.2,176.17 4 3
github.com/TerraDharitri/drt-go-chain-vm-common/parsers/dataField/parser.go:179.84,184.20 2 4
github.com/TerraDharitri/drt-go-chain-vm-common/parsers/dataField/parser.go:184.20,186.3 1 1
github.com/TerraDharitri/drt-go-chain-vm-common/parsers/dataField/parser.go:188.2,189.27 2 3
github.com/TerraDharitri/drt-go-chain-vm-common/parsers/dataField/parser.go:189.27,191.3 1 0
github.com/TerraDharitri/drt-go-chain-vm-common/parsers/dataField/parser.go:193.2,193.16 1 3
github.com/TerraDharitri/drt-go-chain-vm-common/parsers/dataField/parser.go:193.16,195.3 1 1
github.com/TerraDharitri/drt-go-chain-vm-common/parsers/dataField/parser.go:197.2,198.21 2 3
github.com/TerraDharitri/drt-go-chain-vm-common/parsers/dataField/parser.go:201.84,206.51 2 3
github.com/TerraDharitri/drt-go-chain-vm-common/parsers/dataField/parser.go:206.51,208.3 1 1
github.com/TerraDharitri/drt-go-chain-vm-common/parsers/dataField/parser.go:210.2,211.27 2 2
github.com/TerraDharitri/drt-go-chain-vm-common/parsers/dataField/parser.go:211.27,213.3 1 0
github.com/TerraDharitri/drt-go-chain-vm-common/parsers/dataField/parser.go:215.2,218.21 3 2
github.com/TerraDharitri/drt-go-chain-vm-common/parsers/dataField/parser.go:221.83,226.50 2 4
github.com/TerraDharitri/drt-go-chain-vm-common/parsers/dataField/parser.go:226.50,228.3 1 1
github.com/TerraDharitri/drt-go-chain-vm-common/parsers/dataField/parser.go:230.2,231.27 2 3
github.com/TerraDharitri/drt-go-chain-vm-common/parsers/dataField/parser.go:231.27,233.3 1 0
github.com/TerraDharitri/drt-go-chain-vm-common/parsers/dataField/parser.go:235.2,239.51 4 3
github.com/TerraDharitri/drt-go-chain-vm-common/parsers/dataField/parser.go:239.51,242.3 2 1
github.com/TerraDharitri/drt-go-chain-vm-common/parsers/dataField/parser.go:244.2,247.21 3 3
github.com/TerraDharitri/drt-go-chain-vm-common/parsers/dataField/utils.go:19.40,66.2 1 10
github.com/TerraDharitri/drt-go-chain-vm-common/parsers/dataField/utils.go:68.77,69.55 1 6
github.com/TerraDharitri/drt-go-chain-vm-common/parsers/dataField/utils.go:69.55,70.34 1 220
github.com/TerraDharitri/drt-go-chain-vm-common/parsers/dataField/utils.go:70.34,72.4 1 4
github.com/TerraDharitri/drt-go-chain-vm-common/parsers/dataField/utils.go:75.2,75.14 1 2
github.com/TerraDharitri/drt-go-chain-vm-common/parsers/dataField/utils.go:78.64,79.31 1 13
github.com/TerraDharitri/drt-go-chain-vm-common/parsers/dataField/utils.go:79.31,81.3 1 0
github.com/TerraDharitri/drt-go-chain-vm-common/parsers/dataField/utils.go:83.2,85.53 3 13
github.com/TerraDharitri/drt-go-chain-vm-common/parsers/dataField/utils.go:88.56,90.24 2 4
github.com/TerraDharitri/drt-go-chain-vm-common/parsers/dataField/utils.go:90.24,92.3 1 1
github.com/TerraDharitri/drt-go-chain-vm-common/parsers/dataField/utils.go:94.2,94.51 1 3
github.com/TerraDharitri/drt-go-chain-vm-common/parsers/dataField/utils.go:94.51,96.3 1 1
github.com/TerraDharitri/drt-go-chain-vm-common/parsers/dataField/utils.go:98.2,101.43 3 2
github.com/TerraDharitri/drt-go-chain-vm-common/parsers/dataField/utils.go:104.55,108.2 2 45
github.com/TerraDharitri/drt-go-chain-vm-common/parsers/dataField/utils.go:110.39,111.34 1 38
github.com/TerraDharitri/drt-go-chain-vm-common/parsers/dataField/utils.go:111.34,112.34 1 335
github.com/TerraDharitri/drt-go-chain-vm-common/parsers/dataField/utils.go:112.34,114.4 1 4
github.com/TerraDharitri/drt-go-chain-vm-common/parsers/dataField/utils.go:117.2,117.13 1 34
github.com/TerraDharitri/drt-go-chain-vm-common/parsers/callArgsParser.go:9.42,11.2 1 4
github.com/TerraDharitri/drt-go-chain-vm-common/parsers/callArgsParser.go:15.80,20.16 4 5
github.com/TerraDharitri/drt-go-chain-vm-common/parsers/callArgsParser.go:20.16,22.3 1 2
github.com/TerraDharitri/drt-go-chain-vm-common/parsers/callArgsParser.go:24.2,25.16 2 3
github.com/TerraDharitri/drt-go-chain-vm-common/parsers/callArgsParser.go:25.16,27.3 1 0
github.com/TerraDharitri/drt-go-chain-vm-common/parsers/callArgsParser.go:29.2,30.16 2 3
github.com/TerraDharitri/drt-go-chain-vm-common/parsers/callArgsParser.go:30.16,32.3 1 1
github.com/TerraDharitri/drt-go-chain-vm-common/parsers/callArgsParser.go:34.2,34.33 1 2
github.com/TerraDharitri/drt-go-chain-vm-common/parsers/callArgsParser.go:39.77,44.16 5 4
github.com/TerraDharitri/drt-go-chain-vm-common/parsers/callArgsParser.go:44.16,46.3 1 1
github.com/TerraDharitri/drt-go-chain-vm-common/parsers/callArgsParser.go:47.2,49.23 2 3
github.com/TerraDharitri/drt-go-chain-vm-common/parsers/callArgsParser.go:52.78,53.39 1 3
github.com/TerraDharitri/drt-go-chain-vm-common/parsers/callArgsParser.go:53.39,55.3 1 0
github.com/TerraDharitri/drt-go-chain-vm-common/parsers/callArgsParser.go:57.2,58.22 2 3
github.com/TerraDharitri/drt-go-chain-vm-common/parsers/callArgsParser.go:61.81,64.53 2 7
github.com/TerraDharitri/drt-go-chain-vm-common/parsers/callArgsParser.go:64.53,66.17 2 8
github.com/TerraDharitri/drt-go-chain-vm-common/parsers/callArgsParser.go:66.17,68.4 1 2
github.com/TerraDharitri/drt-go-chain-vm-common/parsers/callArgsParser.go:70.3,70.42 1 6
github.com/TerraDharitri/drt-go-chain-vm-common/parsers/callArgsParser.go:73.2,73.23 1 5
github.com/TerraDharitri/drt-go-chain-vm-common/parsers/callArgsParser.go:77.53,79.2 1 0
github.com/TerraDharitri/drt-go-chain-vm-common/parsers/dcdtTransferParser.go:32.32,33.29 1 7
github.com/TerraDharitri/drt-go-chain-vm-common/parsers/dcdtTransferParser.go:33.29,35.3 1 1
github.com/TerraDharitri/drt-go-chain-vm-common/parsers/dcdtTransferParser.go:37.2,37.57 1 6
github.com/TerraDharitri/drt-go-chain-vm-common/parsers/dcdtTransferParser.go:46.42,47.18 1 18
github.com/TerraDharitri/drt-go-chain-vm-common/parsers/dcdtTransferParser.go:48.40,49.50 1 3
github.com/TerraDharitri/drt-go-chain-vm-common/parsers/dcdtTransferParser.go:50.43,51.62 1 4
github.com/TerraDharitri/drt-go-chain-vm-common/parsers/dcdtTransferParser.go:52.48,53.52 1 10
github.com/TerraDharitri/drt-go-chain-vm-common/parsers/dcdtTransferParser.go:54.10,55.38 1 1
github.com/TerraDharitri/drt-go-chain-vm-common/parsers/dcdtTransferParser.go:59.124,60.40 1 3
github.com/TerraDharitri/drt-go-chain-vm-common/parsers/dcdtTransferParser.go:60.40,62.3 1 1
github.com/TerraDharitri/drt-go-chain-vm-common/parsers/dcdtTransferParser.go:63.2,69.40 2 2
github.com/TerraDharitri/drt-go-chain-vm-common/parsers/dcdtTransferParser.go:69.40,71.3 1 1
github.com/TerraDharitri/drt-go-chain-vm-common/parsers/dcdtTransferParser.go:72.2,72.42 1 2
github.com/TerraDharitri/drt-go-chain-vm-common/parsers/dcdtTransferParser.go:72.42,74.3 1 1
github.com/TerraDharitri/drt-go-chain-vm-common/parsers/dcdtTransferParser.go:75.2,82.27 2 2
github.com/TerraDharitri/drt-go-chain-vm-common/parsers/dcdtTransferParser.go:85.136,86.43 1 4
github.com/TerraDharitri/drt-go-chain-vm-common/parsers/dcdtTransferParser.go:86.43,88.3 1 1
github.com/TerraDharitri/drt-go-chain-vm-common/parsers/dcdtTransferParser.go:89.2,96.35 2 3
github.com/TerraDharitri/drt-go-chain-vm-common/parsers/dcdtTransferParser.go:96.35,98.3 1 3
github.com/TerraDharitri/drt-go-chain-vm-common/parsers/dcdtTransferParser.go:99.2,99.43 1 3
github.com/TerraDharitri/drt-go-chain-vm-common/parsers/dcdtTransferParser.go:99.43,101.3 1 2
github.com/TerraDharitri/drt-go-chain-vm-common/parsers/dcdtTransferParser.go:102.2,102.45 1 3
github.com/TerraDharitri/drt-go-chain-vm-common/parsers/dcdtTransferParser.go:102.45,104.3 1 2
github.com/TerraDharitri/drt-go-chain-vm-common/parsers/dcdtTransferParser.go:105.2,112.27 2 3
github.com/TerraDharitri/drt-go-chain-vm-common/parsers/dcdtTransferParser.go:115.126,116.48 1 10
github.com/TerraDharitri/drt-go-chain-vm-common/parsers/dcdtTransferParser.go:116.48,118.3 1 1
github.com/TerraDharitri/drt-go-chain-vm-common/parsers/dcdtTransferParser.go:119.2,130.30 6 9
github.com/TerraDharitri/drt-go-chain-vm-common/parsers/dcdtTransferParser.go:130.30,135.3 4 6
github.com/TerraDharitri/drt-go-chain-vm-common/parsers/dcdtTransferParser.go:137.2,138.36 2 9
github.com/TerraDharitri/drt-go-chain-vm-common/parsers/dcdtTransferParser.go:138.36,140.3 1 2
github.com/TerraDharitri/drt-go-chain-vm-common/parsers/dcdtTransferParser.go:142.2,142.36 1 7
github.com/TerraDharitri/drt-go-chain-vm-common/parsers/dcdtTransferParser.go:142.36,144.3 1 4
github.com/TerraDharitri/drt-go-chain-vm-common/parsers/dcdtTransferParser.go:145.2,145.38 1 7
github.com/TerraDharitri/drt-go-chain-vm-common/parsers/dcdtTransferParser.go:145.38,147.3 1 4
github.com/TerraDharitri/drt-go-chain-vm-common/parsers/dcdtTransferParser.go:149.2,151.54 3 7
github.com/TerraDharitri/drt-go-chain-vm-common/parsers/dcdtTransferParser.go:151.54,154.17 3 11
github.com/TerraDharitri/drt-go-chain-vm-common/parsers/dcdtTransferParser.go:154.17,156.4 1 0
github.com/TerraDharitri/drt-go-chain-vm-common/parsers/dcdtTransferParser.go:159.2,159.27 1 7
github.com/TerraDharitri/drt-go-chain-vm-common/parsers/dcdtTransferParser.go:166.35,173.37 2 11
github.com/TerraDharitri/drt-go-chain-vm-common/parsers/dcdtTransferParser.go:173.37,176.94 2 7
github.com/TerraDharitri/drt-go-chain-vm-common/parsers/dcdtTransferParser.go:176.94,179.18 3 3
github.com/TerraDharitri/drt-go-chain-vm-common/parsers/dcdtTransferParser.go:179.18,181.5 1 0
github.com/TerraDharitri/drt-go-chain-vm-common/parsers/dcdtTransferParser.go:182.4,182.54 1 3
github.com/TerraDharitri/drt-go-chain-vm-common/parsers/dcdtTransferParser.go:186.2,186.26 1 11
github.com/TerraDharitri/drt-go-chain-vm-common/parsers/dcdtTransferParser.go:190.52,192.2 1 1
github.com/TerraDharitri/drt-go-chain-vm-common/parsers/deployArgsParser.go:19.46,21.2 1 2
github.com/TerraDharitri/drt-go-chain-vm-common/parsers/deployArgsParser.go:25.77,29.16 3 10
github.com/TerraDharitri/drt-go-chain-vm-common/parsers/deployArgsParser.go:29.16,31.3 1 2
github.com/TerraDharitri/drt-go-chain-vm-common/parsers/deployArgsParser.go:33.2,33.41 1 8
github.com/TerraDharitri/drt-go-chain-vm-common/parsers/deployArgsParser.go:33.41,35.3 1 1
github.com/TerraDharitri/drt-go-chain-vm-common/parsers/deployArgsParser.go:37.2,38.16 2 7
github.com/TerraDharitri/drt-go-chain-vm-common/parsers/deployArgsParser.go:38.16,40.3 1 1
github.com/TerraDharitri/drt-go-chain-vm-common/parsers/deployArgsParser.go:42.2,43.16 2 6
github.com/TerraDharitri/drt-go-chain-vm-common/parsers/deployArgsParser.go:43.16,45.3 1 2
github.com/TerraDharitri/drt-go-chain-vm-common/parsers/deployArgsParser.go:47.2,48.16 2 4
github.com/TerraDharitri/drt-go-chain-vm-common/parsers/deployArgsParser.go:48.16,50.3 1 1
github.com/TerraDharitri/drt-go-chain-vm-common/parsers/deployArgsParser.go:52.2,53.16 2 3
github.com/TerraDharitri/drt-go-chain-vm-common/parsers/deployArgsParser.go:53.16,55.3 1 1
github.com/TerraDharitri/drt-go-chain-vm-common/parsers/deployArgsParser.go:57.2,57.20 1 2
github.com/TerraDharitri/drt-go-chain-vm-common/parsers/deployArgsParser.go:60.76,63.16 3 7
github.com/TerraDharitri/drt-go-chain-vm-common/parsers/deployArgsParser.go:63.16,65.3 1 1
github.com/TerraDharitri/drt-go-chain-vm-common/parsers/deployArgsParser.go:67.2,67.18 1 6
github.com/TerraDharitri/drt-go-chain-vm-common/parsers/deployArgsParser.go:70.78,72.25 2 6
github.com/TerraDharitri/drt-go-chain-vm-common/parsers/deployArgsParser.go:72.25,74.3 1 1
github.com/TerraDharitri/drt-go-chain-vm-common/parsers/deployArgsParser.go:76.2,77.16 2 5
github.com/TerraDharitri/drt-go-chain-vm-common/parsers/deployArgsParser.go:77.16,79.3 1 1
github.com/TerraDharitri/drt-go-chain-vm-common/parsers/deployArgsParser.go:81.2,81.20 1 4
github.com/TerraDharitri/drt-go-chain-vm-common/parsers/deployArgsParser.go:84.99,87.16 3 4
github.com/TerraDharitri/drt-go-chain-vm-common/parsers/deployArgsParser.go:87.16,89.3 1 1
github.com/TerraDharitri/drt-go-chain-vm-common/parsers/deployArgsParser.go:91.2,92.26 2 3
github.com/TerraDharitri/drt-go-chain-vm-common/parsers/deployArgsParser.go:95.83,98.66 2 3
github.com/TerraDharitri/drt-go-chain-vm-common/parsers/deployArgsParser.go:98.66,100.17 2 3
github.com/TerraDharitri/drt-go-chain-vm-common/parsers/deployArgsParser.go:100.17,102.4 1 1
github.com/TerraDharitri/drt-go-chain-vm-common/parsers/deployArgsParser.go:104.3,104.42 1 2
github.com/TerraDharitri/drt-go-chain-vm-common/parsers/deployArgsParser.go:107.2,107.23 1 2
github.com/TerraDharitri/drt-go-chain-vm-common/parsers/deployArgsParser.go:111.55,113.2 1 0
github.com/TerraDharitri/drt-go-chain-vm-common/parsers/storageUpdatesParser.go:13.54,15.2 1 4
github.com/TerraDharitri/drt-go-chain-vm-common/parsers/storageUpdatesParser.go:18.103,22.16 3 3
github.com/TerraDharitri/drt-go-chain-vm-common/parsers/storageUpdatesParser.go:22.16,24.3 1 1
github.com/TerraDharitri/drt-go-chain-vm-common/parsers/storageUpdatesParser.go:25.2,26.16 2 2
github.com/TerraDharitri/drt-go-chain-vm-common/parsers/storageUpdatesParser.go:26.16,28.3 1 1
github.com/TerraDharitri/drt-go-chain-vm-common/parsers/storageUpdatesParser.go:30.2,31.38 2 1
github.com/TerraDharitri/drt-go-chain-vm-common/parsers/storageUpdatesParser.go:31.38,33.17 2 3
github.com/TerraDharitri/drt-go-chain-vm-common/parsers/storageUpdatesParser.go:33.17,35.4 1 0
github.com/TerraDharitri/drt-go-chain-vm-common/parsers/storageUpdatesParser.go:37.3,38.17 2 3
github.com/TerraDharitri/drt-go-chain-vm-common/parsers/storageUpdatesParser.go:38.17,40.4 1 0
github.com/TerraDharitri/drt-go-chain-vm-common/parsers/storageUpdatesParser.go:42.3,43.57 2 3
github.com/TerraDharitri/drt-go-chain-vm-common/parsers/storageUpdatesParser.go:46.2,46.28 1 1
github.com/TerraDharitri/drt-go-chain-vm-common/parsers/storageUpdatesParser.go:50.114,52.43 2 2
github.com/TerraDharitri/drt-go-chain-vm-common/parsers/storageUpdatesParser.go:52.43,58.32 5 3
github.com/TerraDharitri/drt-go-chain-vm-common/parsers/storageUpdatesParser.go:58.32,60.4 1 2
github.com/TerraDharitri/drt-go-chain-vm-common/parsers/storageUpdatesParser.go:62.2,62.13 1 2
github.com/TerraDharitri/drt-go-chain-vm-common/parsers/storageUpdatesParser.go:66.59,68.2 1 0
github.com/TerraDharitri/drt-go-chain-vm-common/parsers/tokenize.go:8.46,11.45 2 18
github.com/TerraDharitri/drt-go-chain-vm-common/parsers/tokenize.go:11.45,13.3 1 5
github.com/TerraDharitri/drt-go-chain-vm-common/parsers/tokenize.go:15.2,15.20 1 13
github.com/TerraDharitri/drt-go-chain-vm-common/parsers/tokenize.go:18.48,20.16 2 33
github.com/TerraDharitri/drt-go-chain-vm-common/parsers/tokenize.go:20.16,22.3 1 6
github.com/TerraDharitri/drt-go-chain-vm-common/parsers/tokenize.go:24.2,24.21 1 27
github.com/TerraDharitri/drt-go-chain-vm-common/parsers/tokenize.go:27.51,28.49 1 3
github.com/TerraDharitri/drt-go-chain-vm-common/parsers/tokenize.go:28.49,30.3 1 0
github.com/TerraDharitri/drt-go-chain-vm-common/parsers/tokenize.go:32.2,32.13 1 3
github.com/TerraDharitri/drt-go-chain-vm-common/parsers/tokenize.go:35.52,36.24 1 2
github.com/TerraDharitri/drt-go-chain-vm-common/parsers/tokenize.go:36.24,38.3 1 1
github.com/TerraDharitri/drt-go-chain-vm-common/parsers/tokenize.go:40.2,40.29 1 1
github.com/TerraDharitri/drt-go-chain-vm-common/container/mutexMap.go:12.30,16.2 1 13
github.com/TerraDharitri/drt-go-chain-vm-common/container/mutexMap.go:19.62,25.2 4 107
github.com/TerraDharitri/drt-go-chain-vm-common/container/mutexMap.go:29.67,33.9 3 102
github.com/TerraDharitri/drt-go-chain-vm-common/container/mutexMap.go:33.9,35.3 1 101
github.com/TerraDharitri/drt-go-chain-vm-common/container/mutexMap.go:37.2,39.12 2 102
github.com/TerraDharitri/drt-go-chain-vm-common/container/mutexMap.go:43.59,47.2 3 215
github.com/TerraDharitri/drt-go-chain-vm-common/container/mutexMap.go:50.45,54.2 3 102
github.com/TerraDharitri/drt-go-chain-vm-common/container/mutexMap.go:57.31,62.2 3 4
github.com/TerraDharitri/drt-go-chain-vm-common/container/mutexMap.go:65.42,68.27 3 102
github.com/TerraDharitri/drt-go-chain-vm-common/container/mutexMap.go:68.27,70.3 1 303
github.com/TerraDharitri/drt-go-chain-vm-common/container/mutexMap.go:71.2,73.13 2 102
github.com/TerraDharitri/drt-go-chain-vm-common/container/mutexMap.go:77.44,80.34 3 103
github.com/TerraDharitri/drt-go-chain-vm-common/container/mutexMap.go:80.34,82.3 1 5154
github.com/TerraDharitri/drt-go-chain-vm-common/container/mutexMap.go:83.2,85.15 2 103
github.com/TerraDharitri/drt-go-chain-vm-common/builtInFunctions/baseAccountGuarder.go:32.86,33.34 1 29
github.com/TerraDharitri/drt-go-chain-vm-common/builtInFunctions/baseAccountGuarder.go:33.34,35.3 1 3
github.com/TerraDharitri/drt-go-chain-vm-common/builtInFunctions/baseAccountGuarder.go:36.2,36.43 1 26
github.com/TerraDharitri/drt-go-chain-vm-common/builtInFunctions/baseAccountGuarder.go:36.43,38.3 1 2
github.com/TerraDharitri/drt-go-chain-vm-common/builtInFunctions/baseAccountGuarder.go:39.2,39.45 1 24
github.com/TerraDharitri/drt-go-chain-vm-common/builtInFunctions/baseAccountGuarder.go:39.45,41.3 1 1
github.com/TerraDharitri/drt-go-chain-vm-common/builtInFunctions/baseAccountGuarder.go:43.2,50.41 2 23
github.com/TerraDharitri/drt-go-chain-vm-common/builtInFunctions/baseAccountGuarder.go:50.41,52.3 1 0
github.com/TerraDharitri/drt-go-chain-vm-common/builtInFunctions/baseAccountGuarder.go:54.2,54.24 1 23
github.com/TerraDharitri/drt-go-chain-vm-common/builtInFunctions/baseAccountGuarder.go:64.9,66.25 2 19
github.com/TerraDharitri/drt-go-chain-vm-common/builtInFunctions/baseAccountGuarder.go:66.25,68.3 1 1
github.com/TerraDharitri/drt-go-chain-vm-common/builtInFunctions/baseAccountGuarder.go:69.2,69.18 1 18
github.com/TerraDharitri/drt-go-chain-vm-common/builtInFunctions/baseAccountGuarder.go:69.18,71.3 1 1
github.com/TerraDharitri/drt-go-chain-vm-common/builtInFunctions/baseAccountGuarder.go:72.2,72.20 1 17
github.com/TerraDharitri/drt-go-chain-vm-common/builtInFunctions/baseAccountGuarder.go:72.20,74.3 1 2
github.com/TerraDharitri/drt-go-chain-vm-common/builtInFunctions/baseAccountGuarder.go:75.2,75.45 1 15
github.com/TerraDharitri/drt-go-chain-vm-common/builtInFunctions/baseAccountGuarder.go:75.45,77.3 1 1
github.com/TerraDharitri/drt-go-chain-vm-common/builtInFunctions/baseAccountGuarder.go:78.2,78.43 1 14
github.com/TerraDharitri/drt-go-chain-vm-common/builtInFunctions/baseAccountGuarder.go:78.43,80.3 1 1
github.com/TerraDharitri/drt-go-chain-vm-common/builtInFunctions/baseAccountGuarder.go:82.2,82.12 1 13
github.com/TerraDharitri/drt-go-chain-vm-common/builtInFunctions/baseAccountGuarder.go:85.30,87.2 1 17
github.com/TerraDharitri/drt-go-chain-vm-common/builtInFunctions/baseActiveHandler.go:7.50,9.2 1 2
github.com/TerraDharitri/drt-go-chain-vm-common/builtInFunctions/baseActiveHandler.go:12.56,14.2 1 1
github.com/TerraDharitri/drt-go-chain-vm-common/builtInFunctions/baseActiveHandler.go:21.45,23.2 1 28
github.com/TerraDharitri/drt-go-chain-vm-common/builtInFunctions/baseActiveHandler.go:26.51,28.2 1 4
github.com/TerraDharitri/drt-go-chain-vm-common/builtInFunctions/baseComponentsHolder.go:28.9,30.60 2 26
github.com/TerraDharitri/drt-go-chain-vm-common/builtInFunctions/baseComponentsHolder.go:30.60,32.3 1 0
github.com/TerraDharitri/drt-go-chain-vm-common/builtInFunctions/baseComponentsHolder.go:33.2,34.16 2 26
github.com/TerraDharitri/drt-go-chain-vm-common/builtInFunctions/baseComponentsHolder.go:34.16,36.3 1 2
github.com/TerraDharitri/drt-go-chain-vm-common/builtInFunctions/baseComponentsHolder.go:38.2,41.62 3 24
github.com/TerraDharitri/drt-go-chain-vm-common/builtInFunctions/baseComponentsHolder.go:41.62,43.17 2 10
github.com/TerraDharitri/drt-go-chain-vm-common/builtInFunctions/baseComponentsHolder.go:43.17,45.4 1 0
github.com/TerraDharitri/drt-go-chain-vm-common/builtInFunctions/baseComponentsHolder.go:46.3,46.33 1 10
github.com/TerraDharitri/drt-go-chain-vm-common/builtInFunctions/baseComponentsHolder.go:46.33,49.4 2 2
github.com/TerraDharitri/drt-go-chain-vm-common/builtInFunctions/baseComponentsHolder.go:52.2,53.16 2 24
github.com/TerraDharitri/drt-go-chain-vm-common/builtInFunctions/baseComponentsHolder.go:53.16,55.3 1 0
github.com/TerraDharitri/drt-go-chain-vm-common/builtInFunctions/baseComponentsHolder.go:56.2,65.16 4 24
github.com/TerraDharitri/drt-go-chain-vm-common/builtInFunctions/baseComponentsHolder.go:65.16,67.3 1 1
github.com/TerraDharitri/drt-go-chain-vm-common/builtInFunctions/baseComponentsHolder.go:69.2,70.40 2 23
github.com/TerraDharitri/drt-go-chain-vm-common/builtInFunctions/baseComponentsHolder.go:70.40,72.17 2 3
github.com/TerraDharitri/drt-go-chain-vm-common/builtInFunctions/baseComponentsHolder.go:72.17,74.4 1 0
github.com/TerraDharitri/drt-go-chain-vm-common/builtInFunctions/baseComponentsHolder.go:77.2,77.12 1 23
github.com/TerraDharitri/drt-go-chain-vm-common/builtInFunctions/baseComponentsHolder.go:80.193,81.57 1 27
github.com/TerraDharitri/drt-go-chain-vm-common/builtInFunctions/baseComponentsHolder.go:81.57,83.3 1 23
github.com/TerraDharitri/drt-go-chain-vm-common/builtInFunctions/baseComponentsHolder.go:85.2,85.90 1 4
github.com/TerraDharitri/drt-go-chain-vm-common/builtInFunctions/baseComponentsHolder.go:88.189,89.42 1 4
github.com/TerraDharitri/drt-go-chain-vm-common/builtInFunctions/baseComponentsHolder.go:89.42,91.3 1 0
github.com/TerraDharitri/drt-go-chain-vm-common/builtInFunctions/baseComponentsHolder.go:93.2,94.16 2 4
github.com/TerraDharitri/drt-go-chain-vm-common/builtInFunctions/baseComponentsHolder.go:94.16,96.3 1 0
github.com/TerraDharitri/drt-go-chain-vm-common/builtInFunctions/baseComponentsHolder.go:97.2,98.16 2 4
github.com/TerraDharitri/drt-go-chain-vm-common/builtInFunctions/baseComponentsHolder.go:98.16,100.3 1 0
github.com/TerraDharitri/drt-go-chain-vm-common/builtInFunctions/baseComponentsHolder.go:102.2,102.63 1 4
github.com/TerraDharitri/drt-go-chain-vm-common/builtInFunctions/baseComponentsHolder.go:102.63,104.3 1 2
github.com/TerraDharitri/drt-go-chain-vm-common/builtInFunctions/baseComponentsHolder.go:106.2,106.67 1 2
github.com/TerraDharitri/drt-go-chain-vm-common/builtInFunctions/baseComponentsHolder.go:106.67,109.3 2 0
github.com/TerraDharitri/drt-go-chain-vm-common/builtInFunctions/baseComponentsHolder.go:110.2,110.73 1 2
github.com/TerraDharitri/drt-go-chain-vm-common/builtInFunctions/baseComponentsHolder.go:110.73,113.3 2 2
github.com/TerraDharitri/drt-go-chain-vm-common/builtInFunctions/baseComponentsHolder.go:114.2,114.77 1 2
github.com/TerraDharitri/drt-go-chain-vm-common/builtInFunctions/baseComponentsHolder.go:114.77,117.3 2 2
github.com/TerraDharitri/drt-go-chain-vm-common/builtInFunctions/baseComponentsHolder.go:118.2,118.67 1 2
github.com/TerraDharitri/drt-go-chain-vm-common/builtInFunctions/baseComponentsHolder.go:118.67,121.3 2 0
github.com/TerraDharitri/drt-go-chain-vm-common/builtInFunctions/baseComponentsHolder.go:122.2,122.67 1 2
github.com/TerraDharitri/drt-go-chain-vm-common/builtInFunctions/baseComponentsHolder.go:122.67,125.3 2 0
github.com/TerraDharitri/drt-go-chain-vm-common/builtInFunctions/baseComponentsHolder.go:126.2,126.79 1 2
github.com/TerraDharitri/drt-go-chain-vm-common/builtInFunctions/baseComponentsHolder.go:126.79,129.3 2 1
github.com/TerraDharitri/drt-go-chain-vm-common/builtInFunctions/baseComponentsHolder.go:131.2,132.16 2 2
github.com/TerraDharitri/drt-go-chain-vm-common/builtInFunctions/baseComponentsHolder.go:132.16,134.3 1 0
github.com/TerraDharitri/drt-go-chain-vm-common/builtInFunctions/baseComponentsHolder.go:136.2,136.30 1 2
github.com/TerraDharitri/drt-go-chain-vm-common/builtInFunctions/baseGuardAccount.go:23.76,25.16 2 17
github.com/TerraDharitri/drt-go-chain-vm-common/builtInFunctions/baseGuardAccount.go:25.16,27.3 1 2
github.com/TerraDharitri/drt-go-chain-vm-common/builtInFunctions/baseGuardAccount.go:29.2,33.26 2 15
github.com/TerraDharitri/drt-go-chain-vm-common/builtInFunctions/baseGuardAccount.go:39.9,40.26 1 8
github.com/TerraDharitri/drt-go-chain-vm-common/builtInFunctions/baseGuardAccount.go:40.26,42.3 1 2
github.com/TerraDharitri/drt-go-chain-vm-common/builtInFunctions/baseGuardAccount.go:43.2,43.20 1 6
github.com/TerraDharitri/drt-go-chain-vm-common/builtInFunctions/baseGuardAccount.go:43.20,45.3 1 0
github.com/TerraDharitri/drt-go-chain-vm-common/builtInFunctions/baseGuardAccount.go:47.2,49.23 3 6
github.com/TerraDharitri/drt-go-chain-vm-common/builtInFunctions/baseGuardAccount.go:49.23,51.3 1 0
github.com/TerraDharitri/drt-go-chain-vm-common/builtInFunctions/baseGuardAccount.go:52.2,59.16 2 6
github.com/TerraDharitri/drt-go-chain-vm-common/builtInFunctions/baseGuardAccount.go:59.16,61.3 1 0
github.com/TerraDharitri/drt-go-chain-vm-common/builtInFunctions/baseGuardAccount.go:64.2,65.12 2 6
github.com/TerraDharitri/drt-go-chain-vm-common/builtInFunctions/baseGuardAccount.go:68.81,71.2 2 4
github.com/TerraDharitri/drt-go-chain-vm-common/builtInFunctions/baseGuardAccount.go:74.73,78.2 3 3
github.com/TerraDharitri/drt-go-chain-vm-common/builtInFunctions/blockchainDataProvider.go:13.58,17.2 1 86
github.com/TerraDharitri/drt-go-chain-vm-common/builtInFunctions/blockchainDataProvider.go:20.102,21.33 1 2
github.com/TerraDharitri/drt-go-chain-vm-common/builtInFunctions/blockchainDataProvider.go:21.33,23.3 1 1
github.com/TerraDharitri/drt-go-chain-vm-common/builtInFunctions/blockchainDataProvider.go:25.2,26.12 2 1
github.com/TerraDharitri/drt-go-chain-vm-common/builtInFunctions/blockchainDataProvider.go:30.56,32.2 1 12
github.com/TerraDharitri/drt-go-chain-vm-common/builtInFunctions/blockchainDataProvider.go:35.56,37.2 1 2
github.com/TerraDharitri/drt-go-chain-vm-common/builtInFunctions/changeOwnerAddress.go:22.127,23.38 1 4
github.com/TerraDharitri/drt-go-chain-vm-common/builtInFunctions/changeOwnerAddress.go:23.38,25.3 1 1
github.com/TerraDharitri/drt-go-chain-vm-common/builtInFunctions/changeOwnerAddress.go:27.2,30.8 1 3
github.com/TerraDharitri/drt-go-chain-vm-common/builtInFunctions/changeOwnerAddress.go:34.73,35.20 1 2
github.com/TerraDharitri/drt-go-chain-vm-common/builtInFunctions/changeOwnerAddress.go:35.20,37.3 1 0
github.com/TerraDharitri/drt-go-chain-vm-common/builtInFunctions/changeOwnerAddress.go:39.2,41.25 3 2
github.com/TerraDharitri/drt-go-chain-vm-common/builtInFunctions/changeOwnerAddress.go:48.31,52.20 3 6
github.com/TerraDharitri/drt-go-chain-vm-common/builtInFunctions/changeOwnerAddress.go:52.20,54.3 1 1
github.com/TerraDharitri/drt-go-chain-vm-common/builtInFunctions/changeOwnerAddress.go:55.2,55.33 1 5
github.com/TerraDharitri/drt-go-chain-vm-common/builtInFunctions/changeOwnerAddress.go:55.33,57.3 1 1
github.com/TerraDharitri/drt-go-chain-vm-common/builtInFunctions/changeOwnerAddress.go:58.2,58.38 1 4
github.com/TerraDharitri/drt-go-chain-vm-common/builtInFunctions/changeOwnerAddress.go:58.38,60.3 1 0
github.com/TerraDharitri/drt-go-chain-vm-common/builtInFunctions/changeOwnerAddress.go:61.2,61.58 1 4
github.com/TerraDharitri/drt-go-chain-vm-common/builtInFunctions/changeOwnerAddress.go:61.58,63.3 1 0
github.com/TerraDharitri/drt-go-chain-vm-common/builtInFunctions/changeOwnerAddress.go:64.2,64.37 1 4
github.com/TerraDharitri/drt-go-chain-vm-common/builtInFunctions/changeOwnerAddress.go:64.37,66.3 1 0
github.com/TerraDharitri/drt-go-chain-vm-common/builtInFunctions/changeOwnerAddress.go:67.2,71.26 3 4
github.com/TerraDharitri/drt-go-chain-vm-common/builtInFunctions/changeOwnerAddress.go:71.26,74.3 2 2
github.com/TerraDharitri/drt-go-chain-vm-common/builtInFunctions/changeOwnerAddress.go:76.2,76.65 1 2
github.com/TerraDharitri/drt-go-chain-vm-common/builtInFunctions/changeOwnerAddress.go:76.65,78.3 1 0
github.com/TerraDharitri/drt-go-chain-vm-common/builtInFunctions/changeOwnerAddress.go:80.2,81.16 2 2
github.com/TerraDharitri/drt-go-chain-vm-common/builtInFunctions/changeOwnerAddress.go:81.16,83.3 1 0
github.com/TerraDharitri/drt-go-chain-vm-common/builtInFunctions/changeOwnerAddress.go:85.2,93.22 4 2
github.com/TerraDharitri/drt-go-chain-vm-common/builtInFunctions/changeOwnerAddress.go:96.177,97.87 1 2
github.com/TerraDharitri/drt-go-chain-vm-common/builtInFunctions/changeOwnerAddress.go:97.87,99.3 1 1
github.com/TerraDharitri/drt-go-chain-vm-common/builtInFunctions/changeOwnerAddress.go:101.2,102.44 2 1
github.com/TerraDharitri/drt-go-chain-vm-common/builtInFunctions/changeOwnerAddress.go:102.44,104.3 1 0
github.com/TerraDharitri/drt-go-chain-vm-common/builtInFunctions/changeOwnerAddress.go:106.2,114.12 1 1
github.com/TerraDharitri/drt-go-chain-vm-common/builtInFunctions/changeOwnerAddress.go:117.126,118.14 1 51
github.com/TerraDharitri/drt-go-chain-vm-common/builtInFunctions/changeOwnerAddress.go:118.14,120.3 1 0
github.com/TerraDharitri/drt-go-chain-vm-common/builtInFunctions/changeOwnerAddress.go:122.2,122.56 1 51
github.com/TerraDharitri/drt-go-chain-vm-common/builtInFunctions/changeOwnerAddress.go:125.103,126.28 1 61
github.com/TerraDharitri/drt-go-chain-vm-common/builtInFunctions/changeOwnerAddress.go:126.28,128.3 1 2
github.com/TerraDharitri/drt-go-chain-vm-common/builtInFunctions/changeOwnerAddress.go:131.2,131.22 1 59
github.com/TerraDharitri/drt-go-chain-vm-common/builtInFunctions/changeOwnerAddress.go:131.22,133.3 1 10
github.com/TerraDharitri/drt-go-chain-vm-common/builtInFunctions/changeOwnerAddress.go:135.2,135.31 1 49
github.com/TerraDharitri/drt-go-chain-vm-common/builtInFunctions/changeOwnerAddress.go:139.52,141.2 1 2
github.com/TerraDharitri/drt-go-chain-vm-common/builtInFunctions/claimDeveloperRewards.go:20.74,22.2 1 1
github.com/TerraDharitri/drt-go-chain-vm-common/builtInFunctions/claimDeveloperRewards.go:25.76,26.20 1 1
github.com/TerraDharitri/drt-go-chain-vm-common/builtInFunctions/claimDeveloperRewards.go:26.20,28.3 1 0
github.com/TerraDharitri/drt-go-chain-vm-common/builtInFunctions/claimDeveloperRewards.go:30.2,32.25 3 1
github.com/TerraDharitri/drt-go-chain-vm-common/builtInFunctions/claimDeveloperRewards.go:39.31,43.20 3 5
github.com/TerraDharitri/drt-go-chain-vm-common/builtInFunctions/claimDeveloperRewards.go:43.20,45.3 1 1
github.com/TerraDharitri/drt-go-chain-vm-common/builtInFunctions/claimDeveloperRewards.go:46.2,46.38 1 4
github.com/TerraDharitri/drt-go-chain-vm-common/builtInFunctions/claimDeveloperRewards.go:46.38,48.3 1 0
github.com/TerraDharitri/drt-go-chain-vm-common/builtInFunctions/claimDeveloperRewards.go:49.2,50.26 2 4
github.com/TerraDharitri/drt-go-chain-vm-common/builtInFunctions/claimDeveloperRewards.go:50.26,55.3 1 1
github.com/TerraDharitri/drt-go-chain-vm-common/builtInFunctions/claimDeveloperRewards.go:57.2,57.65 1 3
github.com/TerraDharitri/drt-go-chain-vm-common/builtInFunctions/claimDeveloperRewards.go:57.65,59.3 1 1
github.com/TerraDharitri/drt-go-chain-vm-common/builtInFunctions/claimDeveloperRewards.go:60.2,60.37 1 2
github.com/TerraDharitri/drt-go-chain-vm-common/builtInFunctions/claimDeveloperRewards.go:60.37,62.3 1 0
github.com/TerraDharitri/drt-go-chain-vm-common/builtInFunctions/claimDeveloperRewards.go:64.2,65.16 2 2
github.com/TerraDharitri/drt-go-chain-vm-common/builtInFunctions/claimDeveloperRewards.go:65.16,67.3 1 0
github.com/TerraDharitri/drt-go-chain-vm-common/builtInFunctions/claimDeveloperRewards.go:69.2,78.45 3 2
github.com/TerraDharitri/drt-go-chain-vm-common/builtInFunctions/claimDeveloperRewards.go:78.45,83.3 4 0
github.com/TerraDharitri/drt-go-chain-vm-common/builtInFunctions/claimDeveloperRewards.go:84.2,93.26 4 2
github.com/TerraDharitri/drt-go-chain-vm-common/builtInFunctions/claimDeveloperRewards.go:93.26,97.3 2 1
github.com/TerraDharitri/drt-go-chain-vm-common/builtInFunctions/claimDeveloperRewards.go:99.2,100.16 2 1
github.com/TerraDharitri/drt-go-chain-vm-common/builtInFunctions/claimDeveloperRewards.go:100.16,102.3 1 0
github.com/TerraDharitri/drt-go-chain-vm-common/builtInFunctions/claimDeveloperRewards.go:104.2,104.57 1 1
github.com/TerraDharitri/drt-go-chain-vm-common/builtInFunctions/claimDeveloperRewards.go:104.57,106.3 1 0
github.com/TerraDharitri/drt-go-chain-vm-common/builtInFunctions/claimDeveloperRewards.go:108.2,109.22 2 1
github.com/TerraDharitri/drt-go-chain-vm-common/builtInFunctions/claimDeveloperRewards.go:117.3,128.2 4 3
github.com/TerraDharitri/drt-go-chain-vm-common/builtInFunctions/claimDeveloperRewards.go:131.55,133.2 1 1
github.com/TerraDharitri/drt-go-chain-vm-common/builtInFunctions/container.go:19.55,23.2 1 15
github.com/TerraDharitri/drt-go-chain-vm-common/builtInFunctions/container.go:27.79,29.9 2 134
github.com/TerraDharitri/drt-go-chain-vm-common/builtInFunctions/container.go:29.9,31.3 1 2
github.com/TerraDharitri/drt-go-chain-vm-common/builtInFunctions/container.go:33.2,34.9 2 132
github.com/TerraDharitri/drt-go-chain-vm-common/builtInFunctions/container.go:34.9,36.3 1 0
github.com/TerraDharitri/drt-go-chain-vm-common/builtInFunctions/container.go:38.2,38.22 1 132
github.com/TerraDharitri/drt-go-chain-vm-common/builtInFunctions/container.go:43.86,44.27 1 53
github.com/TerraDharitri/drt-go-chain-vm-common/builtInFunctions/container.go:44.27,46.3 1 1
github.com/TerraDharitri/drt-go-chain-vm-common/builtInFunctions/container.go:47.2,47.19 1 52
github.com/TerraDharitri/drt-go-chain-vm-common/builtInFunctions/container.go:47.19,49.3 1 0
github.com/TerraDharitri/drt-go-chain-vm-common/builtInFunctions/container.go:51.2,52.9 2 52
github.com/TerraDharitri/drt-go-chain-vm-common/builtInFunctions/container.go:52.9,54.3 1 1
github.com/TerraDharitri/drt-go-chain-vm-common/builtInFunctions/container.go:56.2,56.12 1 51
github.com/TerraDharitri/drt-go-chain-vm-common/builtInFunctions/container.go:60.90,61.27 1 9
github.com/TerraDharitri/drt-go-chain-vm-common/builtInFunctions/container.go:61.27,63.3 1 1
github.com/TerraDharitri/drt-go-chain-vm-common/builtInFunctions/container.go:64.2,64.19 1 8
github.com/TerraDharitri/drt-go-chain-vm-common/builtInFunctions/container.go:64.19,66.3 1 0
github.com/TerraDharitri/drt-go-chain-vm-common/builtInFunctions/container.go:68.2,69.12 2 8
github.com/TerraDharitri/drt-go-chain-vm-common/builtInFunctions/container.go:73.48,75.2 1 2
github.com/TerraDharitri/drt-go-chain-vm-common/builtInFunctions/container.go:78.39,80.2 1 9
github.com/TerraDharitri/drt-go-chain-vm-common/builtInFunctions/container.go:83.56,86.39 2 4
github.com/TerraDharitri/drt-go-chain-vm-common/builtInFunctions/container.go:86.39,88.10 2 126
github.com/TerraDharitri/drt-go-chain-vm-common/builtInFunctions/container.go:88.10,89.12 1 0
github.com/TerraDharitri/drt-go-chain-vm-common/builtInFunctions/container.go:92.3,92.31 1 126
github.com/TerraDharitri/drt-go-chain-vm-common/builtInFunctions/container.go:95.2,95.13 1 4
github.com/TerraDharitri/drt-go-chain-vm-common/builtInFunctions/container.go:99.51,101.2 1 1
github.com/TerraDharitri/drt-go-chain-vm-common/builtInFunctions/creator.go:13.31,13.46 1 7
github.com/TerraDharitri/drt-go-chain-vm-common/builtInFunctions/creator.go:14.32,14.48 1 1
github.com/TerraDharitri/drt-go-chain-vm-common/builtInFunctions/creator.go:55.103,56.35 1 11
github.com/TerraDharitri/drt-go-chain-vm-common/builtInFunctions/creator.go:56.35,58.3 1 1
github.com/TerraDharitri/drt-go-chain-vm-common/builtInFunctions/creator.go:59.2,59.32 1 10
github.com/TerraDharitri/drt-go-chain-vm-common/builtInFunctions/creator.go:59.32,61.3 1 1
github.com/TerraDharitri/drt-go-chain-vm-common/builtInFunctions/creator.go:62.2,62.33 1 9
github.com/TerraDharitri/drt-go-chain-vm-common/builtInFunctions/creator.go:62.33,64.3 1 0
github.com/TerraDharitri/drt-go-chain-vm-common/builtInFunctions/creator.go:65.2,65.35 1 9
github.com/TerraDharitri/drt-go-chain-vm-common/builtInFunctions/creator.go:65.35,67.3 1 0
github.com/TerraDharitri/drt-go-chain-vm-common/builtInFunctions/creator.go:68.2,68.40 1 9
github.com/TerraDharitri/drt-go-chain-vm-common/builtInFunctions/creator.go:68.40,70.3 1 1
github.com/TerraDharitri/drt-go-chain-vm-common/builtInFunctions/creator.go:71.2,71.43 1 8
github.com/TerraDharitri/drt-go-chain-vm-common/builtInFunctions/creator.go:71.43,73.3 1 1
github.com/TerraDharitri/drt-go-chain-vm-common/builtInFunctions/creator.go:74.2,75.16 2 7
github.com/TerraDharitri/drt-go-chain-vm-common/builtInFunctions/creator.go:75.16,77.3 1 1
github.com/TerraDharitri/drt-go-chain-vm-common/builtInFunctions/creator.go:78.2,78.45 1 6
github.com/TerraDharitri/drt-go-chain-vm-common/builtInFunctions/creator.go:78.45,80.3 1 1
github.com/TerraDharitri/drt-go-chain-vm-common/builtInFunctions/creator.go:82.2,98.16 3 5
github.com/TerraDharitri/drt-go-chain-vm-common/builtInFunctions/creator.go:98.16,100.3 1 1
github.com/TerraDharitri/drt-go-chain-vm-common/builtInFunctions/creator.go:101.2,103.15 2 4
github.com/TerraDharitri/drt-go-chain-vm-common/builtInFunctions/creator.go:107.90,109.16 2 3
github.com/TerraDharitri/drt-go-chain-vm-common/builtInFunctions/creator.go:109.16,111.3 1 1
github.com/TerraDharitri/drt-go-chain-vm-common/builtInFunctions/creator.go:113.2,114.45 2 2
github.com/TerraDharitri/drt-go-chain-vm-common/builtInFunctions/creator.go:114.45,116.20 2 42
github.com/TerraDharitri/drt-go-chain-vm-common/builtInFunctions/creator.go:116.20,118.4 1 0
github.com/TerraDharitri/drt-go-chain-vm-common/builtInFunctions/creator.go:120.3,120.43 1 42
github.com/TerraDharitri/drt-go-chain-vm-common/builtInFunctions/creator.go:125.87,127.2 1 1
github.com/TerraDharitri/drt-go-chain-vm-common/builtInFunctions/creator.go:130.93,132.2 1 0
github.com/TerraDharitri/drt-go-chain-vm-common/builtInFunctions/creator.go:135.91,137.2 1 1
github.com/TerraDharitri/drt-go-chain-vm-common/builtInFunctions/creator.go:140.69,146.16 5 1
github.com/TerraDharitri/drt-go-chain-vm-common/builtInFunctions/creator.go:146.16,148.3 1 0
github.com/TerraDharitri/drt-go-chain-vm-common/builtInFunctions/creator.go:150.2,151.16 2 1
github.com/TerraDharitri/drt-go-chain-vm-common/builtInFunctions/creator.go:151.16,153.3 1 0
github.com/TerraDharitri/drt-go-chain-vm-common/builtInFunctions/creator.go:155.2,156.16 2 1
github.com/TerraDharitri/drt-go-chain-vm-common/builtInFunctions/creator.go:156.16,158.3 1 0
github.com/TerraDharitri/drt-go-chain-vm-common/builtInFunctions/creator.go:160.2,161.16 2 1
github.com/TerraDharitri/drt-go-chain-vm-common/builtInFunctions/creator.go:161.16,163.3 1 0
github.com/TerraDharitri/drt-go-chain-vm-common/builtInFunctions/creator.go:164.2,165.16 2 1
github.com/TerraDharitri/drt-go-chain-vm-common/builtInFunctions/creator.go:165.16,167.3 1 0
github.com/TerraDharitri/drt-go-chain-vm-common/builtInFunctions/creator.go:169.2,170.16 2 1
github.com/TerraDharitri/drt-go-chain-vm-common/builtInFunctions/creator.go:170.16,172.3 1 0
github.com/TerraDharitri/drt-go-chain-vm-common/builtInFunctions/creator.go:173.2,174.16 2 1
github.com/TerraDharitri/drt-go-chain-vm-common/builtInFunctions/creator.go:174.16,176.3 1 0
github.com/TerraDharitri/drt-go-chain-vm-common/builtInFunctions/creator.go:178.2,179.16 2 1
github.com/TerraDharitri/drt-go-chain-vm-common/builtInFunctions/creator.go:179.16,181.3 1 0
github.com/TerraDharitri/drt-go-chain-vm-common/builtInFunctions/creator.go:182.2,183.16 2 1
github.com/TerraDharitri/drt-go-chain-vm-common/builtInFunctions/creator.go:183.16,185.3 1 0
github.com/TerraDharitri/drt-go-chain-vm-common/builtInFunctions/creator.go:187.2,194.16 2 1
github.com/TerraDharitri/drt-go-chain-vm-common/builtInFunctions/creator.go:194.16,196.3 1 0
github.com/TerraDharitri/drt-go-chain-vm-common/builtInFunctions/creator.go:197.2,198.16 2 1
github.com/TerraDharitri/drt-go-chain-vm-common/builtInFunctions/creator.go:198.16,200.3 1 0
github.com/TerraDharitri/drt-go-chain-vm-common/builtInFunctions/creator.go:201.2,204.16 3 1
github.com/TerraDharitri/drt-go-chain-vm-common/builtInFunctions/creator.go:204.16,206.3 1 0
github.com/TerraDharitri/drt-go-chain-vm-common/builtInFunctions/creator.go:208.2,209.16 2 1
github.com/TerraDharitri/drt-go-chain-vm-common/builtInFunctions/creator.go:209.16,211.3 1 0
github.com/TerraDharitri/drt-go-chain-vm-common/builtInFunctions/creator.go:212.2,213.16 2 1
github.com/TerraDharitri/drt-go-chain-vm-common/builtInFunctions/creator.go:213.16,215.3 1 0
github.com/TerraDharitri/drt-go-chain-vm-common/builtInFunctions/creator.go:217.2,224.16 2 1
github.com/TerraDharitri/drt-go-chain-vm-common/builtInFunctions/creator.go:224.16,226.3 1 0
github.com/TerraDharitri/drt-go-chain-vm-common/builtInFunctions/creator.go:227.2,228.16 2 1
github.com/TerraDharitri/drt-go-chain-vm-common/builtInFunctions/creator.go:228.16,230.3 1 0
github.com/TerraDharitri/drt-go-chain-vm-common/builtInFunctions/creator.go:232.2,233.16 2 1
github.com/TerraDharitri/drt-go-chain-vm-common/builtInFunctions/creator.go:233.16,235.3 1 0
github.com/TerraDharitri/drt-go-chain-vm-common/builtInFunctions/creator.go:236.2,237.16 2 1
github.com/TerraDharitri/drt-go-chain-vm-common/builtInFunctions/creator.go:237.16,239.3 1 0
github.com/TerraDharitri/drt-go-chain-vm-common/builtInFunctions/creator.go:241.2,248.16 2 1
github.com/TerraDharitri/drt-go-chain-vm-common/builtInFunctions/creator.go:248.16,250.3 1 0
github.com/TerraDharitri/drt-go-chain-vm-common/builtInFunctions/creator.go:251.2,252.16 2 1
github.com/TerraDharitri/drt-go-chain-vm-common/builtInFunctions/creator.go:252.16,254.3 1 0
github.com/TerraDharitri/drt-go-chain-vm-common/builtInFunctions/creator.go:256.2,257.16 2 1
github.com/TerraDharitri/drt-go-chain-vm-common/builtInFunctions/creator.go:257.16,259.3 1 0
github.com/TerraDharitri/drt-go-chain-vm-common/builtInFunctions/creator.go:260.2,261.16 2 1
github.com/TerraDharitri/drt-go-chain-vm-common/builtInFunctions/creator.go:261.16,263.3 1 0
github.com/TerraDharitri/drt-go-chain-vm-common/builtInFunctions/creator.go:265.2,273.16 3 1
github.com/TerraDharitri/drt-go-chain-vm-common/builtInFunctions/creator.go:273.16,275.3 1 0
github.com/TerraDharitri/drt-go-chain-vm-common/builtInFunctions/creator.go:276.2,277.16 2 1
github.com/TerraDharitri/drt-go-chain-vm-common/builtInFunctions/creator.go:277.16,279.3 1 0
github.com/TerraDharitri/drt-go-chain-vm-common/builtInFunctions/creator.go:281.2,289.16 3 1
github.com/TerraDharitri/drt-go-chain-vm-common/builtInFunctions/creator.go:289.16,291.3 1 0
github.com/TerraDharitri/drt-go-chain-vm-common/builtInFunctions/creator.go:292.2,293.16 2 1
github.com/TerraDharitri/drt-go-chain-vm-common/builtInFunctions/creator.go:293.16,295.3 1 0
github.com/TerraDharitri/drt-go-chain-vm-common/builtInFunctions/creator.go:297.2,306.16 3 1
github.com/TerraDharitri/drt-go-chain-vm-common/builtInFunctions/creator.go:306.16,308.3 1 0
github.com/TerraDharitri/drt-go-chain-vm-common/builtInFunctions/creator.go:310.2,317.16 2 1
github.com/TerraDharitri/drt-go-chain-vm-common/builtInFunctions/creator.go:317.16,319.3 1 0
github.com/TerraDharitri/drt-go-chain-vm-common/builtInFunctions/creator.go:320.2,321.16 2 1
github.com/TerraDharitri/drt-go-chain-vm-common/builtInFunctions/creator.go:321.16,323.3 1 0
github.com/TerraDharitri/drt-go-chain-vm-common/builtInFunctions/creator.go:325.2,326.16 2 1
github.com/TerraDharitri/drt-go-chain-vm-common/builtInFunctions/creator.go:326.16,328.3 1 0
github.com/TerraDharitri/drt-go-chain-vm-common/builtInFunctions/creator.go:329.2,330.16 2 1
github.com/TerraDharitri/drt-go-chain-vm-common/builtInFunctions/creator.go:330.16,332.3 1 0
github.com/TerraDharitri/drt-go-chain-vm-common/builtInFunctions/creator.go:334.2,346.16 3 1
github.com/TerraDharitri/drt-go-chain-vm-common/builtInFunctions/creator.go:346.16,348.3 1 0
github.com/TerraDharitri/drt-go-chain-vm-common/builtInFunctions/creator.go:349.2,350.16 2 1
github.com/TerraDharitri/drt-go-chain-vm-common/builtInFunctions/creator.go:350.16,352.3 1 0
github.com/TerraDharitri/drt-go-chain-vm-common/builtInFunctions/creator.go:354.2,355.16 2 1
github.com/TerraDharitri/drt-go-chain-vm-common/builtInFunctions/creator.go:355.16,357.3 1 0
github.com/TerraDharitri/drt-go-chain-vm-common/builtInFunctions/creator.go:358.2,359.16 2 1
github.com/TerraDharitri/drt-go-chain-vm-common/builtInFunctions/creator.go:359.16,361.3 1 0
github.com/TerraDharitri/drt-go-chain-vm-common/builtInFunctions/creator.go:363.2,364.16 2 1
github.com/TerraDharitri/drt-go-chain-vm-common/builtInFunctions/creator.go:364.16,366.3 1 0
github.com/TerraDharitri/drt-go-chain-vm-common/builtInFunctions/creator.go:367.2,368.16 2 1
github.com/TerraDharitri/drt-go-chain-vm-common/builtInFunctions/creator.go:368.16,370.3 1 0
github.com/TerraDharitri/drt-go-chain-vm-common/builtInFunctions/creator.go:372.2,373.16 2 1
github.com/TerraDharitri/drt-go-chain-vm-common/builtInFunctions/creator.go:373.16,375.3 1 0
github.com/TerraDharitri/drt-go-chain-vm-common/builtInFunctions/creator.go:376.2,377.16 2 1
github.com/TerraDharitri/drt-go-chain-vm-common/builtInFunctions/creator.go:377.16,379.3 1 0
github.com/TerraDharitri/drt-go-chain-vm-common/builtInFunctions/creator.go:381.2,390.16 2 1
github.com/TerraDharitri/drt-go-chain-vm-common/builtInFunctions/creator.go:390.16,392.3 1 0
github.com/TerraDharitri/drt-go-chain-vm-common/builtInFunctions/creator.go:393.2,394.16 2 1
github.com/TerraDharitri/drt-go-chain-vm-common/builtInFunctions/creator.go:394.16,396.3 1 0
github.com/TerraDharitri/drt-go-chain-vm-common/builtInFunctions/creator.go:398.2,399.16 2 1
github.com/TerraDharitri/drt-go-chain-vm-common/builtInFunctions/creator.go:399.16,401.3 1 0
github.com/TerraDharitri/drt-go-chain-vm-common/builtInFunctions/creator.go:402.2,403.16 2 1
github.com/TerraDharitri/drt-go-chain-vm-common/builtInFunctions/creator.go:403.16,405.3 1 0
github.com/TerraDharitri/drt-go-chain-vm-common/builtInFunctions/creator.go:407.2,408.16 2 1
github.com/TerraDharitri/drt-go-chain-vm-common/builtInFunctions/creator.go:408.16,410.3 1 0
github.com/TerraDharitri/drt-go-chain-vm-common/builtInFunctions/creator.go:411.2,412.16 2 1
github.com/TerraDharitri/drt-go-chain-vm-common/builtInFunctions/creator.go:412.16,414.3 1 0
github.com/TerraDharitri/drt-go-chain-vm-common/builtInFunctions/creator.go:416.2,417.16 2 1
github.com/TerraDharitri/drt-go-chain-vm-common/builtInFunctions/creator.go:417.16,419.3 1 0
github.com/TerraDharitri/drt-go-chain-vm-common/builtInFunctions/creator.go:420.2,421.16 2 1
github.com/TerraDharitri/drt-go-chain-vm-common/builtInFunctions/creator.go:421.16,423.3 1 0
github.com/TerraDharitri/drt-go-chain-vm-common/builtInFunctions/creator.go:425.2,434.16 2 1
github.com/TerraDharitri/drt-go-chain-vm-common/builtInFunctions/creator.go:434.16,436.3 1 0
github.com/TerraDharitri/drt-go-chain-vm-common/builtInFunctions/creator.go:437.2,438.16 2 1
github.com/TerraDharitri/drt-go-chain-vm-common/builtInFunctions/creator.go:438.16,440.3 1 0
github.com/TerraDharitri/drt-go-chain-vm-common/builtInFunctions/creator.go:442.2,447.15 1 1
github.com/TerraDharitri/drt-go-chain-vm-common/builtInFunctions/creator.go:447.15,449.4 1 0
github.com/TerraDharitri/drt-go-chain-vm-common/builtInFunctions/creator.go:451.2,451.16 1 1
github.com/TerraDharitri/drt-go-chain-vm-common/builtInFunctions/creator.go:451.16,453.3 1 0
github.com/TerraDharitri/drt-go-chain-vm-common/builtInFunctions/creator.go:454.2,455.16 2 1
github.com/TerraDharitri/drt-go-chain-vm-common/builtInFunctions/creator.go:455.16,457.3 1 0
github.com/TerraDharitri/drt-go-chain-vm-common/builtInFunctions/creator.go:459.2,464.15 1 1
github.com/TerraDharitri/drt-go-chain-vm-common/builtInFunctions/creator.go:464.15,466.4 1 0
github.com/TerraDharitri/drt-go-chain-vm-common/builtInFunctions/creator.go:468.2,468.16 1 1
github.com/TerraDharitri/drt-go-chain-vm-common/builtInFunctions/creator.go:468.16,470.3 1 0
github.com/TerraDharitri/drt-go-chain-vm-common/builtInFunctions/creator.go:471.2,472.16 2 1
github.com/TerraDharitri/drt-go-chain-vm-common/builtInFunctions/creator.go:472.16,474.3 1 0
github.com/TerraDharitri/drt-go-chain-vm-common/builtInFunctions/creator.go:476.2,485.16 3 1
github.com/TerraDharitri/drt-go-chain-vm-common/builtInFunctions/creator.go:485.16,487.3 1 0
github.com/TerraDharitri/drt-go-chain-vm-common/builtInFunctions/creator.go:488.2,489.16 2 1
github.com/TerraDharitri/drt-go-chain-vm-common/builtInFunctions/creator.go:489.16,491.3 1 0
github.com/TerraDharitri/drt-go-chain-vm-common/builtInFunctions/creator.go:493.2,495.16 3 1
github.com/TerraDharitri/drt-go-chain-vm-common/builtInFunctions/creator.go:495.16,497.3 1 0
github.com/TerraDharitri/drt-go-chain-vm-common/builtInFunctions/creator.go:498.2,499.16 2 1
github.com/TerraDharitri/drt-go-chain-vm-common/builtInFunctions/creator.go:499.16,501.3 1 0
github.com/TerraDharitri/drt-go-chain-vm-common/builtInFunctions/creator.go:503.2,508.15 1 1
github.com/TerraDharitri/drt-go-chain-vm-common/builtInFunctions/creator.go:508.15,510.4 1 0
github.com/TerraDharitri/drt-go-chain-vm-common/builtInFunctions/creator.go:512.2,512.16 1 1
github.com/TerraDharitri/drt-go-chain-vm-common/builtInFunctions/creator.go:512.16,514.3 1 0
github.com/TerraDharitri/drt-go-chain-vm-common/builtInFunctions/creator.go:515.2,516.16 2 1
github.com/TerraDharitri/drt-go-chain-vm-common/builtInFunctions/creator.go:516.16,518.3 1 0
github.com/TerraDharitri/drt-go-chain-vm-common/builtInFunctions/creator.go:520.2,525.15 1 1
github.com/TerraDharitri/drt-go-chain-vm-common/builtInFunctions/creator.go:525.15,527.4 1 0
github.com/TerraDharitri/drt-go-chain-vm-common/builtInFunctions/creator.go:529.2,529.16 1 1
github.com/TerraDharitri/drt-go-chain-vm-common/builtInFunctions/creator.go:529.16,531.3 1 0
github.com/TerraDharitri/drt-go-chain-vm-common/builtInFunctions/creator.go:532.2,533.16 2 1
github.com/TerraDharitri/drt-go-chain-vm-common/builtInFunctions/creator.go:533.16,535.3 1 0
github.com/TerraDharitri/drt-go-chain-vm-common/builtInFunctions/creator.go:537.2,538.16 2 1
github.com/TerraDharitri/drt-go-chain-vm-common/builtInFunctions/creator.go:538.16,540.3 1 0
github.com/TerraDharitri/drt-go-chain-vm-common/builtInFunctions/creator.go:541.2,542.16 2 1
github.com/TerraDharitri/drt-go-chain-vm-common/builtInFunctions/creator.go:542.16,544.3 1 0
github.com/TerraDharitri/drt-go-chain-vm-common/builtInFunctions/creator.go:546.2,547.16 2 1
github.com/TerraDharitri/drt-go-chain-vm-common/builtInFunctions/creator.go:547.16,549.3 1 0
github.com/TerraDharitri/drt-go-chain-vm-common/builtInFunctions/creator.go:550.2,551.16 2 1
github.com/TerraDharitri/drt-go-chain-vm-common/builtInFunctions/creator.go:551.16,553.3 1 0
github.com/TerraDharitri/drt-go-chain-vm-common/builtInFunctions/creator.go:555.2,559.16 3 1
github.com/TerraDharitri/drt-go-chain-vm-common/builtInFunctions/creator.go:559.16,561.3 1 0
github.com/TerraDharitri/drt-go-chain-vm-common/builtInFunctions/creator.go:562.2,563.16 2 1
github.com/TerraDharitri/drt-go-chain-vm-common/builtInFunctions/creator.go:563.16,565.3 1 0
github.com/TerraDharitri/drt-go-chain-vm-common/builtInFunctions/creator.go:567.2,569.16 3 1
github.com/TerraDharitri/drt-go-chain-vm-common/builtInFunctions/creator.go:569.16,571.3 1 0
github.com/TerraDharitri/drt-go-chain-vm-common/builtInFunctions/creator.go:572.2,573.16 2 1
github.com/TerraDharitri/drt-go-chain-vm-common/builtInFunctions/creator.go:573.16,575.3 1 0
github.com/TerraDharitri/drt-go-chain-vm-common/builtInFunctions/creator.go:577.2,578.16 2 1
github.com/TerraDharitri/drt-go-chain-vm-common/builtInFunctions/creator.go:578.16,580.3 1 0
github.com/TerraDharitri/drt-go-chain-vm-common/builtInFunctions/creator.go:581.2,582.16 2 1
github.com/TerraDharitri/drt-go-chain-vm-common/builtInFunctions/creator.go:582.16,584.3 1 0
github.com/TerraDharitri/drt-go-chain-vm-common/builtInFunctions/creator.go:586.2,587.16 2 1
github.com/TerraDharitri/drt-go-chain-vm-common/builtInFunctions/creator.go:587.16,589.3 1 0
github.com/TerraDharitri/drt-go-chain-vm-common/builtInFunctions/creator.go:590.2,591.16 2 1
github.com/TerraDharitri/drt-go-chain-vm-common/builtInFunctions/creator.go:591.16,593.3 1 0
github.com/TerraDharitri/drt-go-chain-vm-common/builtInFunctions/creator.go:595.2,595.31 1 1
github.com/TerraDharitri/drt-go-chain-vm-common/builtInFunctions/creator.go:595.31,597.3 1 0
github.com/TerraDharitri/drt-go-chain-vm-common/builtInFunctions/creator.go:598.2,599.16 2 1
github.com/TerraDharitri/drt-go-chain-vm-common/builtInFunctions/creator.go:599.16,601.3 1 0
github.com/TerraDharitri/drt-go-chain-vm-common/builtInFunctions/creator.go:602.2,603.16 2 1
github.com/TerraDharitri/drt-go-chain-vm-common/builtInFunctions/creator.go:603.16,605.3 1 0
github.com/TerraDharitri/drt-go-chain-vm-common/builtInFunctions/creator.go:607.2,608.16 2 1
github.com/TerraDharitri/drt-go-chain-vm-common/builtInFunctions/creator.go:608.16,610.3 1 0
github.com/TerraDharitri/drt-go-chain-vm-common/builtInFunctions/creator.go:611.2,612.16 2 1
github.com/TerraDharitri/drt-go-chain-vm-common/builtInFunctions/creator.go:612.16,614.3 1 0
github.com/TerraDharitri/drt-go-chain-vm-common/builtInFunctions/creator.go:616.2,617.16 2 1
github.com/TerraDharitri/drt-go-chain-vm-common/builtInFunctions/creator.go:617.16,619.3 1 0
github.com/TerraDharitri/drt-go-chain-vm-common/builtInFunctions/creator.go:620.2,621.16 2 1
github.com/TerraDharitri/drt-go-chain-vm-common/builtInFunctions/creator.go:621.16,623.3 1 0
github.com/TerraDharitri/drt-go-chain-vm-common/builtInFunctions/creator.go:625.2,626.16 2 1
github.com/TerraDharitri/drt-go-chain-vm-common/builtInFunctions/creator.go:626.16,628.3 1 0
github.com/TerraDharitri/drt-go-chain-vm-common/builtInFunctions/creator.go:629.2,630.16 2 1
github.com/TerraDharitri/drt-go-chain-vm-common/builtInFunctions/creator.go:630.16,632.3 1 0
github.com/TerraDharitri/drt-go-chain-vm-common/builtInFunctions/creator.go:634.2,635.16 2 1
github.com/TerraDharitri/drt-go-chain-vm-common/builtInFunctions/creator.go:635.16,637.3 1 0
github.com/TerraDharitri/drt-go-chain-vm-common/builtInFunctions/creator.go:638.2,639.16 2 1
github.com/TerraDharitri/drt-go-chain-vm-common/builtInFunctions/creator.go:639.16,641.3 1 0
github.com/TerraDharitri/drt-go-chain-vm-common/builtInFunctions/creator.go:643.2,644.16 2 1
github.com/TerraDharitri/drt-go-chain-vm-common/builtInFunctions/creator.go:644.16,646.3 1 0
github.com/TerraDharitri/drt-go-chain-vm-common/builtInFunctions/creator.go:647.2,648.16 2 1
github.com/TerraDharitri/drt-go-chain-vm-common/builtInFunctions/creator.go:648.16,650.3 1 0
github.com/TerraDharitri/drt-go-chain-vm-common/builtInFunctions/creator.go:652.2,652.12 1 1
github.com/TerraDharitri/drt-go-chain-vm-common/builtInFunctions/creator.go:655.102,662.2 1 2
github.com/TerraDharitri/drt-go-chain-vm-common/builtInFunctions/creator.go:664.72,668.2 1 1
github.com/TerraDharitri/drt-go-chain-vm-common/builtInFunctions/creator.go:670.86,673.16 3 8
github.com/TerraDharitri/drt-go-chain-vm-common/builtInFunctions/creator.go:673.16,675.3 1 0
github.com/TerraDharitri/drt-go-chain-vm-common/builtInFunctions/creator.go:677.2,678.16 2 8
github.com/TerraDharitri/drt-go-chain-vm-common/builtInFunctions/creator.go:678.16,680.3 1 0
github.com/TerraDharitri/drt-go-chain-vm-common/builtInFunctions/creator.go:682.2,684.16 3 8
github.com/TerraDharitri/drt-go-chain-vm-common/builtInFunctions/creator.go:684.16,686.3 1 0
github.com/TerraDharitri/drt-go-chain-vm-common/builtInFunctions/creator.go:688.2,689.16 2 8
github.com/TerraDharitri/drt-go-chain-vm-common/builtInFunctions/creator.go:689.16,691.3 1 2
github.com/TerraDharitri/drt-go-chain-vm-common/builtInFunctions/creator.go:693.2,698.22 2 6
github.com/TerraDharitri/drt-go-chain-vm-common/builtInFunctions/creator.go:702.98,703.33 1 2
github.com/TerraDharitri/drt-go-chain-vm-common/builtInFunctions/creator.go:703.33,705.3 1 1
github.com/TerraDharitri/drt-go-chain-vm-common/builtInFunctions/creator.go:707.2,708.37 2 1
github.com/TerraDharitri/drt-go-chain-vm-common/builtInFunctions/creator.go:708.37,710.17 2 42
github.com/TerraDharitri/drt-go-chain-vm-common/builtInFunctions/creator.go:710.17,712.4 1 0
github.com/TerraDharitri/drt-go-chain-vm-common/builtInFunctions/creator.go:714.3,715.10 2 42
github.com/TerraDharitri/drt-go-chain-vm-common/builtInFunctions/creator.go:715.10,716.12 1 35
github.com/TerraDharitri/drt-go-chain-vm-common/builtInFunctions/creator.go:719.3,720.17 2 7
github.com/TerraDharitri/drt-go-chain-vm-common/builtInFunctions/creator.go:720.17,722.4 1 0
github.com/TerraDharitri/drt-go-chain-vm-common/builtInFunctions/creator.go:725.2,725.12 1 1
github.com/TerraDharitri/drt-go-chain-vm-common/builtInFunctions/creator.go:729.94,734.16 2 2
github.com/TerraDharitri/drt-go-chain-vm-common/builtInFunctions/creator.go:734.16,736.3 1 1
github.com/TerraDharitri/drt-go-chain-vm-common/builtInFunctions/creator.go:738.2,744.50 2 1
github.com/TerraDharitri/drt-go-chain-vm-common/builtInFunctions/creator.go:744.50,746.17 2 3
github.com/TerraDharitri/drt-go-chain-vm-common/builtInFunctions/creator.go:746.17,748.4 1 0
github.com/TerraDharitri/drt-go-chain-vm-common/builtInFunctions/creator.go:750.3,751.10 2 3
github.com/TerraDharitri/drt-go-chain-vm-common/builtInFunctions/creator.go:751.10,753.4 1 0
github.com/TerraDharitri/drt-go-chain-vm-common/builtInFunctions/creator.go:755.3,756.17 2 3
github.com/TerraDharitri/drt-go-chain-vm-common/builtInFunctions/creator.go:756.17,758.4 1 0
github.com/TerraDharitri/drt-go-chain-vm-common/builtInFunctions/creator.go:761.2,761.12 1 1
github.com/TerraDharitri/drt-go-chain-vm-common/builtInFunctions/creator.go:765.52,767.2 1 2
github.com/TerraDharitri/drt-go-chain-vm-common/builtInFunctions/crossChainTokenChecker.go:18.130,24.36 2 19
github.com/TerraDharitri/drt-go-chain-vm-common/builtInFunctions/crossChainTokenChecker.go:24.36,26.3 1 2
github.com/TerraDharitri/drt-go-chain-vm-common/builtInFunctions/crossChainTokenChecker.go:28.2,28.30 1 17
github.com/TerraDharitri/drt-go-chain-vm-common/builtInFunctions/crossChainTokenChecker.go:28.30,30.3 1 10
github.com/TerraDharitri/drt-go-chain-vm-common/builtInFunctions/crossChainTokenChecker.go:32.2,32.54 1 7
github.com/TerraDharitri/drt-go-chain-vm-common/builtInFunctions/crossChainTokenChecker.go:32.54,34.3 1 1
github.com/TerraDharitri/drt-go-chain-vm-common/builtInFunctions/crossChainTokenChecker.go:36.2,36.17 1 6
github.com/TerraDharitri/drt-go-chain-vm-common/builtInFunctions/crossChainTokenChecker.go:40.79,43.48 2 51
github.com/TerraDharitri/drt-go-chain-vm-common/builtInFunctions/crossChainTokenChecker.go:43.48,45.3 1 2
github.com/TerraDharitri/drt-go-chain-vm-common/builtInFunctions/crossChainTokenChecker.go:47.2,47.62 1 49
github.com/TerraDharitri/drt-go-chain-vm-common/builtInFunctions/crossChainTokenChecker.go:51.102,53.2 1 35
github.com/TerraDharitri/drt-go-chain-vm-common/builtInFunctions/crossChainTokenChecker.go:55.71,61.2 4 39
github.com/TerraDharitri/drt-go-chain-vm-common/builtInFunctions/crossChainTokenChecker.go:64.58,66.2 1 12
github.com/TerraDharitri/drt-go-chain-vm-common/builtInFunctions/dcdtBurn.go:28.22,29.29 1 6
github.com/TerraDharitri/drt-go-chain-vm-common/builtInFunctions/dcdtBurn.go:29.29,31.3 1 1
github.com/TerraDharitri/drt-go-chain-vm-common/builtInFunctions/dcdtBurn.go:32.2,32.40 1 5
github.com/TerraDharitri/drt-go-chain-vm-common/builtInFunctions/dcdtBurn.go:32.40,34.3 1 0
github.com/TerraDharitri/drt-go-chain-vm-common/builtInFunctions/dcdtBurn.go:35.2,35.38 1 5
github.com/TerraDharitri/drt-go-chain-vm-common/builtInFunctions/dcdtBurn.go:35.38,37.3 1 1
github.com/TerraDharitri/drt-go-chain-vm-common/builtInFunctions/dcdtBurn.go:39.2,46.50 2 4
github.com/TerraDharitri/drt-go-chain-vm-common/builtInFunctions/dcdtBurn.go:46.50,48.3 1 0
github.com/TerraDharitri/drt-go-chain-vm-common/builtInFunctions/dcdtBurn.go:50.2,50.15 1 4
github.com/TerraDharitri/drt-go-chain-vm-common/builtInFunctions/dcdtBurn.go:54.63,55.20 1 1
github.com/TerraDharitri/drt-go-chain-vm-common/builtInFunctions/dcdtBurn.go:55.20,57.3 1 0
github.com/TerraDharitri/drt-go-chain-vm-common/builtInFunctions/dcdtBurn.go:59.2,61.25 3 1
github.com/TerraDharitri/drt-go-chain-vm-common/builtInFunctions/dcdtBurn.go:68.31,73.16 4 11
github.com/TerraDharitri/drt-go-chain-vm-common/builtInFunctions/dcdtBurn.go:73.16,75.3 1 2
github.com/TerraDharitri/drt-go-chain-vm-common/builtInFunctions/dcdtBurn.go:76.2,76.33 1 9
github.com/TerraDharitri/drt-go-chain-vm-common/builtInFunctions/dcdtBurn.go:76.33,78.3 1 0
github.com/TerraDharitri/drt-go-chain-vm-common/builtInFunctions/dcdtBurn.go:79.2,80.26 2 9
github.com/TerraDharitri/drt-go-chain-vm-common/builtInFunctions/dcdtBurn.go:80.26,82.3 1 0
github.com/TerraDharitri/drt-go-chain-vm-common/builtInFunctions/dcdtBurn.go:83.2,83.61 1 9
github.com/TerraDharitri/drt-go-chain-vm-common/builtInFunctions/dcdtBurn.go:83.61,85.3 1 1
github.com/TerraDharitri/drt-go-chain-vm-common/builtInFunctions/dcdtBurn.go:86.2,86.26 1 8
github.com/TerraDharitri/drt-go-chain-vm-common/builtInFunctions/dcdtBurn.go:86.26,88.3 1 1
github.com/TerraDharitri/drt-go-chain-vm-common/builtInFunctions/dcdtBurn.go:90.2,92.41 2 7
github.com/TerraDharitri/drt-go-chain-vm-common/builtInFunctions/dcdtBurn.go:92.41,94.3 1 1
github.com/TerraDharitri/drt-go-chain-vm-common/builtInFunctions/dcdtBurn.go:96.2,97.16 2 6
github.com/TerraDharitri/drt-go-chain-vm-common/builtInFunctions/dcdtBurn.go:97.16,99.3 1 4
github.com/TerraDharitri/drt-go-chain-vm-common/builtInFunctions/dcdtBurn.go:101.2,103.57 3 2
github.com/TerraDharitri/drt-go-chain-vm-common/builtInFunctions/dcdtBurn.go:103.57,113.3 1 0
github.com/TerraDharitri/drt-go-chain-vm-common/builtInFunctions/dcdtBurn.go:115.2,117.22 2 2
github.com/TerraDharitri/drt-go-chain-vm-common/builtInFunctions/dcdtBurn.go:121.42,123.2 1 4
github.com/TerraDharitri/drt-go-chain-vm-common/builtInFunctions/dcdtDataStorage.go:24.41,26.2 1 209
[...]
github.com/TerraDharitri/drt-go-chain-vm-common/builtInFunctions/multiDCDTNFTTransfer.go:469.2,470.16 2 24
github.com/TerraDharitri/drt-go-chain-vm-common/builtInFunctions/multiDCDTNFTTransfer.go:470.16,472.3 1 1
github.com/TerraDharitri/drt-go-chain-vm-common/builtInFunctions/multiDCDTNFTTransfer.go:474.2,474.27 1 23
github.com/TerraDharitri/drt-go-chain-vm-common/builtInFunctions/multiDCDTNFTTransfer.go:474.27,485.17 2 9
github.com/TerraDharitri/drt-go-chain-vm-common/builtInFunctions/multiDCDTNFTTransfer.go:485.17,487.4 1 1
github.com/TerraDharitri/drt-go-chain-vm-common/builtInFunctions/multiDCDTNFTTransfer.go:488.8,490.17 2 14
github.com/TerraDharitri/drt-go-chain-vm-common/builtInFunctions/multiDCDTNFTTransfer.go:490.17,492.4 1 0
github.com/TerraDharitri/drt-go-chain-vm-common/builtInFunctions/multiDCDTNFTTransfer.go:494.3,495.17 2 14
github.com/TerraDharitri/drt-go-chain-vm-common/builtInFunctions/multiDCDTNFTTransfer.go:495.17,497.4 1 0
github.com/TerraDharitri/drt-go-chain-vm-common/builtInFunctions/multiDCDTNFTTransfer.go:500.2,500.22 1 22
github.com/TerraDharitri/drt-go-chain-vm-common/builtInFunctions/multiDCDTNFTTransfer.go:503.79,505.15 2 4
github.com/TerraDharitri/drt-go-chain-vm-common/builtInFunctions/multiDCDTNFTTransfer.go:505.15,507.3 1 1
github.com/TerraDharitri/drt-go-chain-vm-common/builtInFunctions/multiDCDTNFTTransfer.go:509.2,509.12 1 4
github.com/TerraDharitri/drt-go-chain-vm-common/builtInFunctions/multiDCDTNFTTransfer.go:512.109,513.77 1 16
github.com/TerraDharitri/drt-go-chain-vm-common/builtInFunctions/multiDCDTNFTTransfer.go:513.77,515.3 1 8
github.com/TerraDharitri/drt-go-chain-vm-common/builtInFunctions/multiDCDTNFTTransfer.go:517.2,518.20 2 8
github.com/TerraDharitri/drt-go-chain-vm-common/builtInFunctions/multiDCDTNFTTransfer.go:518.20,520.3 1 0
github.com/TerraDharitri/drt-go-chain-vm-common/builtInFunctions/multiDCDTNFTTransfer.go:521.2,522.9 2 8
github.com/TerraDharitri/drt-go-chain-vm-common/builtInFunctions/multiDCDTNFTTransfer.go:522.9,524.3 1 0
github.com/TerraDharitri/drt-go-chain-vm-common/builtInFunctions/multiDCDTNFTTransfer.go:526.2,526.25 1 8
github.com/TerraDharitri/drt-go-chain-vm-common/builtInFunctions/multiDCDTNFTTransfer.go:536.9,541.49 4 11
github.com/TerraDharitri/drt-go-chain-vm-common/builtInFunctions/multiDCDTNFTTransfer.go:541.49,544.38 3 21
github.com/TerraDharitri/drt-go-chain-vm-common/builtInFunctions/multiDCDTNFTTransfer.go:544.38,546.4 1 13
github.com/TerraDharitri/drt-go-chain-vm-common/builtInFunctions/multiDCDTNFTTransfer.go:547.3,549.38 2 21
github.com/TerraDharitri/drt-go-chain-vm-common/builtInFunctions/multiDCDTNFTTransfer.go:549.38,551.18 2 13
github.com/TerraDharitri/drt-go-chain-vm-common/builtInFunctions/multiDCDTNFTTransfer.go:551.18,553.5 1 0
github.com/TerraDharitri/drt-go-chain-vm-common/builtInFunctions/multiDCDTNFTTransfer.go:555.4,557.38 2 13
github.com/TerraDharitri/drt-go-chain-vm-common/builtInFunctions/multiDCDTNFTTransfer.go:557.38,559.19 2 13
github.com/TerraDharitri/drt-go-chain-vm-common/builtInFunctions/multiDCDTNFTTransfer.go:559.19,561.6 1 0
github.com/TerraDharitri/drt-go-chain-vm-common/builtInFunctions/multiDCDTNFTTransfer.go:563.5,563.20 1 13
github.com/TerraDharitri/drt-go-chain-vm-common/builtInFunctions/multiDCDTNFTTransfer.go:563.20,565.48 2 13
github.com/TerraDharitri/drt-go-chain-vm-common/builtInFunctions/multiDCDTNFTTransfer.go:565.48,567.7 1 0
github.com/TerraDharitri/drt-go-chain-vm-common/builtInFunctions/multiDCDTNFTTransfer.go:568.6,568.45 1 13
github.com/TerraDharitri/drt-go-chain-vm-common/builtInFunctions/multiDCDTNFTTransfer.go:571.5,571.80 1 13
github.com/TerraDharitri/drt-go-chain-vm-common/builtInFunctions/multiDCDTNFTTransfer.go:572.10,574.5 1 0
github.com/TerraDharitri/drt-go-chain-vm-common/builtInFunctions/multiDCDTNFTTransfer.go:576.9,578.4 1 8
github.com/TerraDharitri/drt-go-chain-vm-common/builtInFunctions/multiDCDTNFTTransfer.go:581.2,582.56 2 11
github.com/TerraDharitri/drt-go-chain-vm-common/builtInFunctions/multiDCDTNFTTransfer.go:582.56,584.3 1 5
github.com/TerraDharitri/drt-go-chain-vm-common/builtInFunctions/multiDCDTNFTTransfer.go:586.2,588.77 2 11
github.com/TerraDharitri/drt-go-chain-vm-common/builtInFunctions/multiDCDTNFTTransfer.go:588.77,590.20 2 8
github.com/TerraDharitri/drt-go-chain-vm-common/builtInFunctions/multiDCDTNFTTransfer.go:590.20,593.4 2 0
github.com/TerraDharitri/drt-go-chain-vm-common/builtInFunctions/multiDCDTNFTTransfer.go:594.3,604.13 2 8
github.com/TerraDharitri/drt-go-chain-vm-common/builtInFunctions/multiDCDTNFTTransfer.go:607.2,607.19 1 3
github.com/TerraDharitri/drt-go-chain-vm-common/builtInFunctions/multiDCDTNFTTransfer.go:607.19,609.59 2 2
github.com/TerraDharitri/drt-go-chain-vm-common/builtInFunctions/multiDCDTNFTTransfer.go:609.59,611.4 1 2
github.com/TerraDharitri/drt-go-chain-vm-common/builtInFunctions/multiDCDTNFTTransfer.go:613.3,621.13 1 2
github.com/TerraDharitri/drt-go-chain-vm-common/builtInFunctions/multiDCDTNFTTransfer.go:624.2,624.12 1 3
github.com/TerraDharitri/drt-go-chain-vm-common/builtInFunctions/multiDCDTNFTTransfer.go:628.54,630.2 1 9
github.com/TerraDharitri/drt-go-chain-vm-common/builtInFunctions/payable.go:21.26,22.26 1 19
github.com/TerraDharitri/drt-go-chain-vm-common/builtInFunctions/payable.go:22.26,24.3 1 2
github.com/TerraDharitri/drt-go-chain-vm-common/builtInFunctions/payable.go:25.2,25.38 1 17
github.com/TerraDharitri/drt-go-chain-vm-common/builtInFunctions/payable.go:25.38,27.3 1 1
github.com/TerraDharitri/drt-go-chain-vm-common/builtInFunctions/payable.go:29.2,32.8 1 16
github.com/TerraDharitri/drt-go-chain-vm-common/builtInFunctions/payable.go:35.105,37.68 2 38
github.com/TerraDharitri/drt-go-chain-vm-common/builtInFunctions/payable.go:37.68,39.35 2 26
github.com/TerraDharitri/drt-go-chain-vm-common/builtInFunctions/payable.go:39.35,41.4 1 1
github.com/TerraDharitri/drt-go-chain-vm-common/builtInFunctions/payable.go:43.2,43.87 1 37
github.com/TerraDharitri/drt-go-chain-vm-common/builtInFunctions/payable.go:43.87,45.3 1 5
github.com/TerraDharitri/drt-go-chain-vm-common/builtInFunctions/payable.go:46.2,46.57 1 32
github.com/TerraDharitri/drt-go-chain-vm-common/builtInFunctions/payable.go:46.57,48.3 1 4
github.com/TerraDharitri/drt-go-chain-vm-common/builtInFunctions/payable.go:49.2,49.46 1 28
github.com/TerraDharitri/drt-go-chain-vm-common/builtInFunctions/payable.go:49.46,50.69 1 11
github.com/TerraDharitri/drt-go-chain-vm-common/builtInFunctions/payable.go:50.69,51.51 1 8
github.com/TerraDharitri/drt-go-chain-vm-common/builtInFunctions/payable.go:51.51,53.5 1 7
github.com/TerraDharitri/drt-go-chain-vm-common/builtInFunctions/payable.go:54.9,56.4 1 3
github.com/TerraDharitri/drt-go-chain-vm-common/builtInFunctions/payable.go:59.2,59.13 1 18
github.com/TerraDharitri/drt-go-chain-vm-common/builtInFunctions/payable.go:63.120,64.52 1 14
github.com/TerraDharitri/drt-go-chain-vm-common/builtInFunctions/payable.go:64.52,66.3 1 7
github.com/TerraDharitri/drt-go-chain-vm-common/builtInFunctions/payable.go:68.2,69.25 2 7
github.com/TerraDharitri/drt-go-chain-vm-common/builtInFunctions/payable.go:69.25,71.3 1 1
github.com/TerraDharitri/drt-go-chain-vm-common/builtInFunctions/payable.go:72.2,72.16 1 6
github.com/TerraDharitri/drt-go-chain-vm-common/builtInFunctions/payable.go:72.16,74.3 1 3
github.com/TerraDharitri/drt-go-chain-vm-common/builtInFunctions/payable.go:76.2,76.12 1 3
github.com/TerraDharitri/drt-go-chain-vm-common/builtInFunctions/payable.go:80.130,81.47 1 22
github.com/TerraDharitri/drt-go-chain-vm-common/builtInFunctions/payable.go:81.47,83.3 1 9
github.com/TerraDharitri/drt-go-chain-vm-common/builtInFunctions/payable.go:84.2,84.81 1 13
github.com/TerraDharitri/drt-go-chain-vm-common/builtInFunctions/payable.go:84.81,86.3 1 2
github.com/TerraDharitri/drt-go-chain-vm-common/builtInFunctions/payable.go:87.2,87.51 1 11
github.com/TerraDharitri/drt-go-chain-vm-common/builtInFunctions/payable.go:87.51,89.3 1 2
github.com/TerraDharitri/drt-go-chain-vm-common/builtInFunctions/payable.go:90.2,90.68 1 9
github.com/TerraDharitri/drt-go-chain-vm-common/builtInFunctions/payable.go:90.68,91.51 1 6
github.com/TerraDharitri/drt-go-chain-vm-common/builtInFunctions/payable.go:91.51,93.4 1 1
github.com/TerraDharitri/drt-go-chain-vm-common/builtInFunctions/payable.go:96.2,96.13 1 8
github.com/TerraDharitri/drt-go-chain-vm-common/builtInFunctions/payable.go:100.46,102.2 1 14
github.com/TerraDharitri/drt-go-chain-vm-common/builtInFunctions/saveUserName.go:29.26,30.56 1 6
github.com/TerraDharitri/drt-go-chain-vm-common/builtInFunctions/saveUserName.go:30.56,32.3 1 2
github.com/TerraDharitri/drt-go-chain-vm-common/builtInFunctions/saveUserName.go:33.2,33.38 1 4
github.com/TerraDharitri/drt-go-chain-vm-common/builtInFunctions/saveUserName.go:33.38,35.3 1 1
github.com/TerraDharitri/drt-go-chain-vm-common/builtInFunctions/saveUserName.go:37.2,42.35 3 3
github.com/TerraDharitri/drt-go-chain-vm-common/builtInFunctions/saveUserName.go:42.35,44.3 1 2
github.com/TerraDharitri/drt-go-chain-vm-common/builtInFunctions/saveUserName.go:46.2,47.37 2 3
github.com/TerraDharitri/drt-go-chain-vm-common/builtInFunctions/saveUserName.go:47.37,49.3 1 0
github.com/TerraDharitri/drt-go-chain-vm-common/builtInFunctions/saveUserName.go:51.2,51.15 1 3
github.com/TerraDharitri/drt-go-chain-vm-common/builtInFunctions/saveUserName.go:55.67,56.20 1 3
github.com/TerraDharitri/drt-go-chain-vm-common/builtInFunctions/saveUserName.go:56.20,58.3 1 1
github.com/TerraDharitri/drt-go-chain-vm-common/builtInFunctions/saveUserName.go:60.2,62.25 3 2
github.com/TerraDharitri/drt-go-chain-vm-common/builtInFunctions/saveUserName.go:71.9,72.20 1 17
github.com/TerraDharitri/drt-go-chain-vm-common/builtInFunctions/saveUserName.go:72.20,74.3 1 2
github.com/TerraDharitri/drt-go-chain-vm-common/builtInFunctions/saveUserName.go:75.2,75.38 1 15
github.com/TerraDharitri/drt-go-chain-vm-common/builtInFunctions/saveUserName.go:75.38,77.3 1 1
github.com/TerraDharitri/drt-go-chain-vm-common/builtInFunctions/saveUserName.go:78.2,78.60 1 14
github.com/TerraDharitri/drt-go-chain-vm-common/builtInFunctions/saveUserName.go:78.60,80.3 1 2
github.com/TerraDharitri/drt-go-chain-vm-common/builtInFunctions/saveUserName.go:81.2,82.9 2 12
github.com/TerraDharitri/drt-go-chain-vm-common/builtInFunctions/saveUserName.go:82.9,84.3 1 2
github.com/TerraDharitri/drt-go-chain-vm-common/builtInFunctions/saveUserName.go:85.2,85.39 1 10
github.com/TerraDharitri/drt-go-chain-vm-common/builtInFunctions/saveUserName.go:85.39,87.3 1 2
github.com/TerraDharitri/drt-go-chain-vm-common/builtInFunctions/saveUserName.go:88.2,88.12 1 8
github.com/TerraDharitri/drt-go-chain-vm-common/builtInFunctions/saveUserName.go:95.31,99.40 4 2
github.com/TerraDharitri/drt-go-chain-vm-common/builtInFunctions/saveUserName.go:99.40,101.3 1 1
github.com/TerraDharitri/drt-go-chain-vm-common/builtInFunctions/saveUserName.go:102.2,116.22 3 2
github.com/TerraDharitri/drt-go-chain-vm-common/builtInFunctions/saveUserName.go:123.31,128.62 4 9
github.com/TerraDharitri/drt-go-chain-vm-common/builtInFunctions/saveUserName.go:128.62,130.3 1 6
github.com/TerraDharitri/drt-go-chain-vm-common/builtInFunctions/saveUserName.go:132.2,133.16 2 9
github.com/TerraDharitri/drt-go-chain-vm-common/builtInFunctions/saveUserName.go:133.16,135.3 1 4
github.com/TerraDharitri/drt-go-chain-vm-common/builtInFunctions/saveUserName.go:137.2,137.26 1 5
github.com/TerraDharitri/drt-go-chain-vm-common/builtInFunctions/saveUserName.go:137.26,139.62 2 1
github.com/TerraDharitri/drt-go-chain-vm-common/builtInFunctions/saveUserName.go:139.62,141.4 1 0
github.com/TerraDharitri/drt-go-chain-vm-common/builtInFunctions/saveUserName.go:143.3,143.90 1 1
github.com/TerraDharitri/drt-go-chain-vm-common/builtInFunctions/saveUserName.go:146.2,147.90 2 4
github.com/TerraDharitri/drt-go-chain-vm-common/builtInFunctions/saveUserName.go:147.90,149.3 1 1
github.com/TerraDharitri/drt-go-chain-vm-common/builtInFunctions/saveUserName.go:151.2,154.85 3 3
github.com/TerraDharitri/drt-go-chain-vm-common/builtInFunctions/saveUserName.go:154.85,156.3 1 1
github.com/TerraDharitri/drt-go-chain-vm-common/builtInFunctions/saveUserName.go:158.2,164.22 3 3
github.com/TerraDharitri/drt-go-chain-vm-common/builtInFunctions/saveUserName.go:168.46,170.2 1 3
github.com/TerraDharitri/drt-go-chain-vm-common/builtInFunctions/setGuardian.go:28.69,30.16 2 7
github.com/TerraDharitri/drt-go-chain-vm-common/builtInFunctions/setGuardian.go:30.16,32.3 1 1
github.com/TerraDharitri/drt-go-chain-vm-common/builtInFunctions/setGuardian.go:33.2,36.46 2 6
github.com/TerraDharitri/drt-go-chain-vm-common/builtInFunctions/setGuardian.go:36.46,38.3 1 0
github.com/TerraDharitri/drt-go-chain-vm-common/builtInFunctions/setGuardian.go:40.2,40.29 1 6
github.com/TerraDharitri/drt-go-chain-vm-common/builtInFunctions/setGuardian.go:47.31,48.26 1 12
github.com/TerraDharitri/drt-go-chain-vm-common/builtInFunctions/setGuardian.go:48.26,50.3 1 1
github.com/TerraDharitri/drt-go-chain-vm-common/builtInFunctions/setGuardian.go:51.2,51.20 1 11
github.com/TerraDharitri/drt-go-chain-vm-common/builtInFunctions/setGuardian.go:51.20,53.3 1 1
github.com/TerraDharitri/drt-go-chain-vm-common/builtInFunctions/setGuardian.go:54.2,54.51 1 10
github.com/TerraDharitri/drt-go-chain-vm-common/builtInFunctions/setGuardian.go:54.51,56.3 1 2
github.com/TerraDharitri/drt-go-chain-vm-common/builtInFunctions/setGuardian.go:58.2,60.23 3 8
github.com/TerraDharitri/drt-go-chain-vm-common/builtInFunctions/setGuardian.go:60.23,62.3 1 1
github.com/TerraDharitri/drt-go-chain-vm-common/builtInFunctions/setGuardian.go:63.2,77.16 7 7
github.com/TerraDharitri/drt-go-chain-vm-common/builtInFunctions/setGuardian.go:77.16,79.3 1 4
github.com/TerraDharitri/drt-go-chain-vm-common/builtInFunctions/setGuardian.go:81.2,82.16 2 3
github.com/TerraDharitri/drt-go-chain-vm-common/builtInFunctions/setGuardian.go:82.16,84.3 1 1
github.com/TerraDharitri/drt-go-chain-vm-common/builtInFunctions/setGuardian.go:86.2,96.8 2 2
github.com/TerraDharitri/drt-go-chain-vm-common/builtInFunctions/setGuardian.go:106.9,116.16 2 7
github.com/TerraDharitri/drt-go-chain-vm-common/builtInFunctions/setGuardian.go:116.16,118.3 1 1
github.com/TerraDharitri/drt-go-chain-vm-common/builtInFunctions/setGuardian.go:120.2,120.55 1 6
github.com/TerraDharitri/drt-go-chain-vm-common/builtInFunctions/setGuardian.go:126.9,133.46 5 6
github.com/TerraDharitri/drt-go-chain-vm-common/builtInFunctions/setGuardian.go:133.46,135.3 1 2
github.com/TerraDharitri/drt-go-chain-vm-common/builtInFunctions/setGuardian.go:137.2,137.48 1 4
github.com/TerraDharitri/drt-go-chain-vm-common/builtInFunctions/setGuardian.go:137.48,139.3 1 0
github.com/TerraDharitri/drt-go-chain-vm-common/builtInFunctions/setGuardian.go:141.2,141.43 1 4
github.com/TerraDharitri/drt-go-chain-vm-common/builtInFunctions/setGuardian.go:141.43,143.3 1 1
github.com/TerraDharitri/drt-go-chain-vm-common/builtInFunctions/setGuardian.go:145.2,145.12 1 3
github.com/TerraDharitri/drt-go-chain-vm-common/builtInFunctions/setGuardian.go:149.67,153.2 3 2
github.com/TerraDharitri/drt-go-chain-vm-common/builtInFunctions/unGuardAccount.go:13.80,15.16 2 8
github.com/TerraDharitri/drt-go-chain-vm-common/builtInFunctions/unGuardAccount.go:15.16,17.3 1 1
github.com/TerraDharitri/drt-go-chain-vm-common/builtInFunctions/unGuardAccount.go:18.2,18.57 1 7
github.com/TerraDharitri/drt-go-chain-vm-common/builtInFunctions/unGuardAccount.go:26.31,31.16 4 4
github.com/TerraDharitri/drt-go-chain-vm-common/builtInFunctions/unGuardAccount.go:31.16,33.3 1 2
github.com/TerraDharitri/drt-go-chain-vm-common/builtInFunctions/unGuardAccount.go:35.2,36.16 2 2
github.com/TerraDharitri/drt-go-chain-vm-common/builtInFunctions/unGuardAccount.go:36.16,38.3 1 1
github.com/TerraDharitri/drt-go-chain-vm-common/builtInFunctions/unGuardAccount.go:40.2,49.8 2 1
github.com/TerraDharitri/drt-go-chain-vm-common/builtInFunctions/unGuardAccount.go:52.64,54.27 2 2
github.com/TerraDharitri/drt-go-chain-vm-common/builtInFunctions/unGuardAccount.go:54.27,56.3 1 1
github.com/TerraDharitri/drt-go-chain-vm-common/builtInFunctions/unGuardAccount.go:58.2,60.12 3 1
github.com/TerraDharitri/drt-go-chain-vm-common/builtInFunctions/updateNFTAttributes.go:36.27,37.37 1 16
github.com/TerraDharitri/drt-go-chain-vm-common/builtInFunctions/updateNFTAttributes.go:37.37,39.3 1 1
github.com/TerraDharitri/drt-go-chain-vm-common/builtInFunctions/updateNFTAttributes.go:40.2,40.40 1 15
github.com/TerraDharitri/drt-go-chain-vm-common/builtInFunctions/updateNFTAttributes.go:40.40,42.3 1 1
github.com/TerraDharitri/drt-go-chain-vm-common/builtInFunctions/updateNFTAttributes.go:43.2,43.31 1 14
github.com/TerraDharitri/drt-go-chain-vm-common/builtInFunctions/updateNFTAttributes.go:43.31,45.3 1 1
github.com/TerraDharitri/drt-go-chain-vm-common/builtInFunctions/updateNFTAttributes.go:46.2,46.38 1 13
github.com/TerraDharitri/drt-go-chain-vm-common/builtInFunctions/updateNFTAttributes.go:46.38,48.3 1 1
github.com/TerraDharitri/drt-go-chain-vm-common/builtInFunctions/updateNFTAttributes.go:49.2,49.29 1 12
github.com/TerraDharitri/drt-go-chain-vm-common/builtInFunctions/updateNFTAttributes.go:49.29,51.3 1 1
github.com/TerraDharitri/drt-go-chain-vm-common/builtInFunctions/updateNFTAttributes.go:53.2,66.50 2 11
github.com/TerraDharitri/drt-go-chain-vm-common/builtInFunctions/updateNFTAttributes.go:66.50,68.3 1 1
github.com/TerraDharitri/drt-go-chain-vm-common/builtInFunctions/updateNFTAttributes.go:70.2,70.15 1 11
github.com/TerraDharitri/drt-go-chain-vm-common/builtInFunctions/updateNFTAttributes.go:74.68,75.20 1 2
github.com/TerraDharitri/drt-go-chain-vm-common/builtInFunctions/updateNFTAttributes.go:75.20,77.3 1 1
github.com/TerraDharitri/drt-go-chain-vm-common/builtInFunctions/updateNFTAttributes.go:79.2,82.25 4 1
github.com/TerraDharitri/drt-go-chain-vm-common/builtInFunctions/updateNFTAttributes.go:93.31,98.16 4 13
github.com/TerraDharitri/drt-go-chain-vm-common/builtInFunctions/updateNFTAttributes.go:98.16,100.3 1 7
github.com/TerraDharitri/drt-go-chain-vm-common/builtInFunctions/updateNFTAttributes.go:101.2,101.33 1 6
github.com/TerraDharitri/drt-go-chain-vm-common/builtInFunctions/updateNFTAttributes.go:101.33,103.3 1 1
github.com/TerraDharitri/drt-go-chain-vm-common/builtInFunctions/updateNFTAttributes.go:105.2,106.16 2 5
github.com/TerraDharitri/drt-go-chain-vm-common/builtInFunctions/updateNFTAttributes.go:106.16,108.3 1 1
github.com/TerraDharitri/drt-go-chain-vm-common/builtInFunctions/updateNFTAttributes.go:110.2,111.57 2 4
github.com/TerraDharitri/drt-go-chain-vm-common/builtInFunctions/updateNFTAttributes.go:111.57,113.3 1 0
github.com/TerraDharitri/drt-go-chain-vm-common/builtInFunctions/updateNFTAttributes.go:115.2,117.16 3 4
github.com/TerraDharitri/drt-go-chain-vm-common/builtInFunctions/updateNFTAttributes.go:117.16,119.3 1 1
github.com/TerraDharitri/drt-go-chain-vm-common/builtInFunctions/updateNFTAttributes.go:120.2,121.16 2 3
github.com/TerraDharitri/drt-go-chain-vm-common/builtInFunctions/updateNFTAttributes.go:121.16,123.3 1 1
github.com/TerraDharitri/drt-go-chain-vm-common/builtInFunctions/updateNFTAttributes.go:125.2,126.16 2 2
github.com/TerraDharitri/drt-go-chain-vm-common/builtInFunctions/updateNFTAttributes.go:126.16,128.3 1 0
github.com/TerraDharitri/drt-go-chain-vm-common/builtInFunctions/updateNFTAttributes.go:130.2,134.16 4 2
github.com/TerraDharitri/drt-go-chain-vm-common/builtInFunctions/updateNFTAttributes.go:134.16,136.3 1 0
github.com/TerraDharitri/drt-go-chain-vm-common/builtInFunctions/updateNFTAttributes.go:138.2,144.16 3 2
github.com/TerraDharitri/drt-go-chain-vm-common/builtInFunctions/updateNFTAttributes.go:144.16,146.3 1 1
github.com/TerraDharitri/drt-go-chain-vm-common/builtInFunctions/updateNFTAttributes.go:148.2,155.22 3 1
github.com/TerraDharitri/drt-go-chain-vm-common/builtInFunctions/updateNFTAttributes.go:159.47,161.2 1 7
